<?xml version="1.0" encoding="utf-8"?>
<CoverageSession xmlns:xsd="http://www.w3.org/2001/XMLSchema" xmlns:xsi="http://www.w3.org/2001/XMLSchema-instance" Version="4.7.922.0">
  <Summary numSequencePoints="1101" visitedSequencePoints="0" numBranchPoints="370" visitedBranchPoints="0" sequenceCoverage="0" branchCoverage="0" maxCyclomaticComplexity="18" minCyclomaticComplexity="1" maxCrapScore="342" minCrapScore="2" visitedClasses="0" numClasses="17" visitedMethods="0" numMethods="118" />
  <Modules>
    <Module hash="48-56-87-48-C6-FB-C1-5A-D1-24-7B-BA-32-D8-F2-89-14-E8-C6-4F">
      <Summary numSequencePoints="1101" visitedSequencePoints="0" numBranchPoints="370" visitedBranchPoints="0" sequenceCoverage="0" branchCoverage="0" maxCyclomaticComplexity="18" minCyclomaticComplexity="1" maxCrapScore="342" minCrapScore="2" visitedClasses="0" numClasses="17" visitedMethods="0" numMethods="118" />
      <ModulePath>C:\Users\Wahad\source\repos\RedScipio\Turn-base-game-PJS5\PJS5_CSharp\PJS5_CSharp\bin\Debug\fine-code-coverage\build-output\PJS5_CSharp.exe</ModulePath>
      <ModuleTime>2024-02-06T09:46:02.8731641Z</ModuleTime>
      <ModuleName>PJS5_CSharp</ModuleName>
      <Files>
        <File uid="1" fullPath="C:\Users\Mehdi\source\repos\Turn-base-game-PJS5\PJS5_CSharp\PJS5_CSharp\Sources\Weapon\IWeapon.cs" />
        <File uid="2" fullPath="C:\Users\Mehdi\source\repos\Turn-base-game-PJS5\PJS5_CSharp\PJS5_CSharp\Sources\Pilot\IPilot.cs" />
        <File uid="3" fullPath="C:\Users\Mehdi\source\repos\Turn-base-game-PJS5\PJS5_CSharp\PJS5_CSharp\Sources\GUI\GUI.cs" />
        <File uid="4" fullPath="C:\Users\Mehdi\source\repos\Turn-base-game-PJS5\PJS5_CSharp\PJS5_CSharp\Program.cs" />
        <File uid="5" fullPath="C:\Users\Mehdi\source\repos\Turn-base-game-PJS5\PJS5_CSharp\PJS5_CSharp\Sources\Utils.cs" />
        <File uid="6" fullPath="C:\Users\Mehdi\source\repos\Turn-base-game-PJS5\PJS5_CSharp\PJS5_CSharp\Sources\Weapon\ThermalWeapon\ThermalWeapon.cs" />
        <File uid="7" fullPath="C:\Users\Mehdi\source\repos\Turn-base-game-PJS5\PJS5_CSharp\PJS5_CSharp\Sources\Weapon\ProjectileWeapon\ProjectileWeapon.cs" />
        <File uid="8" fullPath="C:\Users\Mehdi\source\repos\Turn-base-game-PJS5\PJS5_CSharp\PJS5_CSharp\Sources\Weapon\NormalWeapon\NormalWeapon.cs" />
        <File uid="9" fullPath="C:\Users\Mehdi\source\repos\Turn-base-game-PJS5\PJS5_CSharp\PJS5_CSharp\Sources\Weapon\MeleeWeapon\MeleeWeapon.cs" />
        <File uid="10" fullPath="C:\Users\Mehdi\source\repos\Turn-base-game-PJS5\PJS5_CSharp\PJS5_CSharp\Sources\Robot\Furnace.cs" />
        <File uid="11" fullPath="C:\Users\Mehdi\source\repos\Turn-base-game-PJS5\PJS5_CSharp\PJS5_CSharp\Sources\Robot\IParts.cs" />
        <File uid="12" fullPath="C:\Users\Mehdi\source\repos\Turn-base-game-PJS5\PJS5_CSharp\PJS5_CSharp\Sources\Robot\Legs.cs" />
        <File uid="13" fullPath="C:\Users\Mehdi\source\repos\Turn-base-game-PJS5\PJS5_CSharp\PJS5_CSharp\Sources\Robot\Robot.cs" />
        <File uid="14" fullPath="C:\Users\Mehdi\source\repos\Turn-base-game-PJS5\PJS5_CSharp\PJS5_CSharp\Sources\Pilot\Player\PlayerPilot.cs" />
        <File uid="15" fullPath="C:\Users\Mehdi\source\repos\Turn-base-game-PJS5\PJS5_CSharp\PJS5_CSharp\Sources\Pilot\Bot\BotPilot.cs" />
        <File uid="16" fullPath="C:\Users\Mehdi\source\repos\Turn-base-game-PJS5\PJS5_CSharp\PJS5_CSharp\Sources\Battle\Battle.cs" />
        <File uid="17" fullPath="C:\Users\Mehdi\source\repos\Turn-base-game-PJS5\PJS5_CSharp\PJS5_CSharp\Sources\Battle\ReplayMode.cs" />
      </Files>
      <Classes>
        <Class>
          <Summary numSequencePoints="34" visitedSequencePoints="0" numBranchPoints="8" visitedBranchPoints="0" sequenceCoverage="0" branchCoverage="0" maxCyclomaticComplexity="1" minCyclomaticComplexity="1" maxCrapScore="2" minCrapScore="2" visitedClasses="0" numClasses="1" visitedMethods="0" numMethods="8" />
          <FullName>WEAPON.IWeapon</FullName>
          <Methods>
            <Method visited="false" cyclomaticComplexity="1" nPathComplexity="0" sequenceCoverage="0" branchCoverage="0" crapScore="2" isConstructor="true" isStatic="false" isGetter="false" isSetter="false">
              <Summary numSequencePoints="13" visitedSequencePoints="0" numBranchPoints="1" visitedBranchPoints="0" sequenceCoverage="0" branchCoverage="0" maxCyclomaticComplexity="1" minCyclomaticComplexity="1" maxCrapScore="2" minCrapScore="2" visitedClasses="0" numClasses="0" visitedMethods="0" numMethods="1" />
              <MetadataToken>100663302</MetadataToken>
              <Name>System.Void WEAPON.IWeapon::.ctor(System.Int32,System.String,System.Int32,System.Int32,System.Int32,System.Int32,System.Int32,System.Int32,WEAPON.WEAPON_TYPE)</Name>
              <FileRef uid="1" />
              <SequencePoints>
                <SequencePoint vc="0" uspid="1" ordinal="0" offset="0" sl="27" sc="9" el="27" ec="35" bec="0" bev="0" fileid="1" />
                <SequencePoint vc="0" uspid="2" ordinal="1" offset="7" sl="28" sc="9" el="28" ec="45" bec="0" bev="0" fileid="1" />
                <SequencePoint vc="0" uspid="3" ordinal="2" offset="14" sl="29" sc="9" el="29" ec="37" bec="0" bev="0" fileid="1" />
                <SequencePoint vc="0" uspid="4" ordinal="3" offset="21" sl="30" sc="9" el="30" ec="40" bec="0" bev="0" fileid="1" />
                <SequencePoint vc="0" uspid="5" ordinal="4" offset="28" sl="31" sc="9" el="31" ec="72" bec="0" bev="0" fileid="1" />
                <SequencePoint vc="0" uspid="6" ordinal="5" offset="35" sl="34" sc="15" el="34" ec="51" bec="0" bev="0" fileid="1" />
                <SequencePoint vc="0" uspid="7" ordinal="6" offset="47" sl="35" sc="9" el="35" ec="10" bec="0" bev="0" fileid="1" />
                <SequencePoint vc="0" uspid="8" ordinal="7" offset="48" sl="36" sc="13" el="36" ec="32" bec="0" bev="0" fileid="1" />
                <SequencePoint vc="0" uspid="9" ordinal="8" offset="56" sl="37" sc="13" el="37" ec="52" bec="0" bev="0" fileid="1" />
                <SequencePoint vc="0" uspid="10" ordinal="9" offset="64" sl="38" sc="13" el="38" ec="36" bec="0" bev="0" fileid="1" />
                <SequencePoint vc="0" uspid="11" ordinal="10" offset="72" sl="39" sc="13" el="39" ec="42" bec="0" bev="0" fileid="1" />
                <SequencePoint vc="0" uspid="12" ordinal="11" offset="80" sl="40" sc="13" el="40" ec="40" bec="0" bev="0" fileid="1" />
                <SequencePoint vc="0" uspid="13" ordinal="12" offset="88" sl="41" sc="9" el="41" ec="10" bec="0" bev="0" fileid="1" />
              </SequencePoints>
              <BranchPoints />
              <MethodPoint xsi:type="SequencePoint" vc="0" uspid="1" ordinal="0" offset="0" sl="27" sc="9" el="27" ec="35" bec="0" bev="0" fileid="1" />
            </Method>
            <Method visited="false" cyclomaticComplexity="1" nPathComplexity="0" sequenceCoverage="0" branchCoverage="0" crapScore="2" isConstructor="false" isStatic="false" isGetter="false" isSetter="false">
              <Summary numSequencePoints="3" visitedSequencePoints="0" numBranchPoints="1" visitedBranchPoints="0" sequenceCoverage="0" branchCoverage="0" maxCyclomaticComplexity="1" minCyclomaticComplexity="1" maxCrapScore="2" minCrapScore="2" visitedClasses="0" numClasses="0" visitedMethods="0" numMethods="1" />
              <MetadataToken>100663303</MetadataToken>
              <Name>WEAPON.WEAPON_TYPE WEAPON.IWeapon::TypeIs()</Name>
              <FileRef uid="1" />
              <SequencePoints>
                <SequencePoint vc="0" uspid="14" ordinal="0" offset="0" sl="44" sc="9" el="44" ec="10" bec="0" bev="0" fileid="1" />
                <SequencePoint vc="0" uspid="15" ordinal="1" offset="1" sl="45" sc="13" el="45" ec="33" bec="0" bev="0" fileid="1" />
                <SequencePoint vc="0" uspid="16" ordinal="2" offset="10" sl="46" sc="9" el="46" ec="10" bec="0" bev="0" fileid="1" />
              </SequencePoints>
              <BranchPoints />
              <MethodPoint xsi:type="SequencePoint" vc="0" uspid="14" ordinal="0" offset="0" sl="44" sc="9" el="44" ec="10" bec="0" bev="0" fileid="1" />
            </Method>
            <Method visited="false" cyclomaticComplexity="1" nPathComplexity="0" sequenceCoverage="0" branchCoverage="0" crapScore="2" isConstructor="false" isStatic="false" isGetter="false" isSetter="false">
              <Summary numSequencePoints="3" visitedSequencePoints="0" numBranchPoints="1" visitedBranchPoints="0" sequenceCoverage="0" branchCoverage="0" maxCyclomaticComplexity="1" minCyclomaticComplexity="1" maxCrapScore="2" minCrapScore="2" visitedClasses="0" numClasses="0" visitedMethods="0" numMethods="1" />
              <MetadataToken>100663304</MetadataToken>
              <Name>System.Int32 WEAPON.IWeapon::GetType()</Name>
              <FileRef uid="1" />
              <SequencePoints>
                <SequencePoint vc="0" uspid="17" ordinal="0" offset="0" sl="49" sc="9" el="49" ec="10" bec="0" bev="0" fileid="1" />
                <SequencePoint vc="0" uspid="18" ordinal="1" offset="1" sl="50" sc="13" el="50" ec="38" bec="0" bev="0" fileid="1" />
                <SequencePoint vc="0" uspid="19" ordinal="2" offset="10" sl="51" sc="9" el="51" ec="10" bec="0" bev="0" fileid="1" />
              </SequencePoints>
              <BranchPoints />
              <MethodPoint xsi:type="SequencePoint" vc="0" uspid="17" ordinal="0" offset="0" sl="49" sc="9" el="49" ec="10" bec="0" bev="0" fileid="1" />
            </Method>
            <Method visited="false" cyclomaticComplexity="1" nPathComplexity="0" sequenceCoverage="0" branchCoverage="0" crapScore="2" isConstructor="false" isStatic="false" isGetter="false" isSetter="false">
              <Summary numSequencePoints="3" visitedSequencePoints="0" numBranchPoints="1" visitedBranchPoints="0" sequenceCoverage="0" branchCoverage="0" maxCyclomaticComplexity="1" minCyclomaticComplexity="1" maxCrapScore="2" minCrapScore="2" visitedClasses="0" numClasses="0" visitedMethods="0" numMethods="1" />
              <MetadataToken>100663305</MetadataToken>
              <Name>System.Int32 WEAPON.IWeapon::GetDamage()</Name>
              <FileRef uid="1" />
              <SequencePoints>
                <SequencePoint vc="0" uspid="20" ordinal="0" offset="0" sl="54" sc="9" el="54" ec="10" bec="0" bev="0" fileid="1" />
                <SequencePoint vc="0" uspid="21" ordinal="1" offset="1" sl="55" sc="13" el="55" ec="29" bec="0" bev="0" fileid="1" />
                <SequencePoint vc="0" uspid="22" ordinal="2" offset="10" sl="56" sc="9" el="56" ec="10" bec="0" bev="0" fileid="1" />
              </SequencePoints>
              <BranchPoints />
              <MethodPoint xsi:type="SequencePoint" vc="0" uspid="20" ordinal="0" offset="0" sl="54" sc="9" el="54" ec="10" bec="0" bev="0" fileid="1" />
            </Method>
            <Method visited="false" cyclomaticComplexity="1" nPathComplexity="0" sequenceCoverage="0" branchCoverage="0" crapScore="2" isConstructor="false" isStatic="false" isGetter="false" isSetter="false">
              <Summary numSequencePoints="3" visitedSequencePoints="0" numBranchPoints="1" visitedBranchPoints="0" sequenceCoverage="0" branchCoverage="0" maxCyclomaticComplexity="1" minCyclomaticComplexity="1" maxCrapScore="2" minCrapScore="2" visitedClasses="0" numClasses="0" visitedMethods="0" numMethods="1" />
              <MetadataToken>100663306</MetadataToken>
              <Name>System.Int32 WEAPON.IWeapon::GetPowerConsumption()</Name>
              <FileRef uid="1" />
              <SequencePoints>
                <SequencePoint vc="0" uspid="23" ordinal="0" offset="0" sl="59" sc="9" el="59" ec="10" bec="0" bev="0" fileid="1" />
                <SequencePoint vc="0" uspid="24" ordinal="1" offset="1" sl="60" sc="13" el="60" ec="39" bec="0" bev="0" fileid="1" />
                <SequencePoint vc="0" uspid="25" ordinal="2" offset="10" sl="61" sc="9" el="61" ec="10" bec="0" bev="0" fileid="1" />
              </SequencePoints>
              <BranchPoints />
              <MethodPoint xsi:type="SequencePoint" vc="0" uspid="23" ordinal="0" offset="0" sl="59" sc="9" el="59" ec="10" bec="0" bev="0" fileid="1" />
            </Method>
            <Method visited="false" cyclomaticComplexity="1" nPathComplexity="0" sequenceCoverage="0" branchCoverage="0" crapScore="2" isConstructor="false" isStatic="false" isGetter="false" isSetter="false">
              <Summary numSequencePoints="3" visitedSequencePoints="0" numBranchPoints="1" visitedBranchPoints="0" sequenceCoverage="0" branchCoverage="0" maxCyclomaticComplexity="1" minCyclomaticComplexity="1" maxCrapScore="2" minCrapScore="2" visitedClasses="0" numClasses="0" visitedMethods="0" numMethods="1" />
              <MetadataToken>100663307</MetadataToken>
              <Name>System.Int32 WEAPON.IWeapon::GetAccuracy()</Name>
              <FileRef uid="1" />
              <SequencePoints>
                <SequencePoint vc="0" uspid="26" ordinal="0" offset="0" sl="64" sc="9" el="64" ec="10" bec="0" bev="0" fileid="1" />
                <SequencePoint vc="0" uspid="27" ordinal="1" offset="1" sl="65" sc="13" el="65" ec="31" bec="0" bev="0" fileid="1" />
                <SequencePoint vc="0" uspid="28" ordinal="2" offset="10" sl="66" sc="9" el="66" ec="10" bec="0" bev="0" fileid="1" />
              </SequencePoints>
              <BranchPoints />
              <MethodPoint xsi:type="SequencePoint" vc="0" uspid="26" ordinal="0" offset="0" sl="64" sc="9" el="64" ec="10" bec="0" bev="0" fileid="1" />
            </Method>
            <Method visited="false" cyclomaticComplexity="1" nPathComplexity="0" sequenceCoverage="0" branchCoverage="0" crapScore="2" isConstructor="false" isStatic="false" isGetter="false" isSetter="false">
              <Summary numSequencePoints="3" visitedSequencePoints="0" numBranchPoints="1" visitedBranchPoints="0" sequenceCoverage="0" branchCoverage="0" maxCyclomaticComplexity="1" minCyclomaticComplexity="1" maxCrapScore="2" minCrapScore="2" visitedClasses="0" numClasses="0" visitedMethods="0" numMethods="1" />
              <MetadataToken>100663308</MetadataToken>
              <Name>System.Int32 WEAPON.IWeapon::GetMinAccuracy()</Name>
              <FileRef uid="1" />
              <SequencePoints>
                <SequencePoint vc="0" uspid="29" ordinal="0" offset="0" sl="69" sc="9" el="69" ec="10" bec="0" bev="0" fileid="1" />
                <SequencePoint vc="0" uspid="30" ordinal="1" offset="1" sl="70" sc="13" el="70" ec="34" bec="0" bev="0" fileid="1" />
                <SequencePoint vc="0" uspid="31" ordinal="2" offset="10" sl="71" sc="9" el="71" ec="10" bec="0" bev="0" fileid="1" />
              </SequencePoints>
              <BranchPoints />
              <MethodPoint xsi:type="SequencePoint" vc="0" uspid="29" ordinal="0" offset="0" sl="69" sc="9" el="69" ec="10" bec="0" bev="0" fileid="1" />
            </Method>
            <Method visited="false" cyclomaticComplexity="1" nPathComplexity="0" sequenceCoverage="0" branchCoverage="0" crapScore="2" isConstructor="false" isStatic="false" isGetter="false" isSetter="false">
              <Summary numSequencePoints="3" visitedSequencePoints="0" numBranchPoints="1" visitedBranchPoints="0" sequenceCoverage="0" branchCoverage="0" maxCyclomaticComplexity="1" minCyclomaticComplexity="1" maxCrapScore="2" minCrapScore="2" visitedClasses="0" numClasses="0" visitedMethods="0" numMethods="1" />
              <MetadataToken>100663309</MetadataToken>
              <Name>System.Int32 WEAPON.IWeapon::GetSpecificity()</Name>
              <FileRef uid="1" />
              <SequencePoints>
                <SequencePoint vc="0" uspid="32" ordinal="0" offset="0" sl="74" sc="9" el="74" ec="10" bec="0" bev="0" fileid="1" />
                <SequencePoint vc="0" uspid="33" ordinal="1" offset="1" sl="75" sc="13" el="75" ec="23" bec="0" bev="0" fileid="1" />
                <SequencePoint vc="0" uspid="34" ordinal="2" offset="5" sl="76" sc="9" el="76" ec="10" bec="0" bev="0" fileid="1" />
              </SequencePoints>
              <BranchPoints />
              <MethodPoint xsi:type="SequencePoint" vc="0" uspid="32" ordinal="0" offset="0" sl="74" sc="9" el="74" ec="10" bec="0" bev="0" fileid="1" />
            </Method>
          </Methods>
        </Class>
        <Class>
          <Summary numSequencePoints="21" visitedSequencePoints="0" numBranchPoints="6" visitedBranchPoints="0" sequenceCoverage="0" branchCoverage="0" maxCyclomaticComplexity="1" minCyclomaticComplexity="1" maxCrapScore="2" minCrapScore="2" visitedClasses="0" numClasses="1" visitedMethods="0" numMethods="6" />
          <FullName>PILOT.IPILOT</FullName>
          <Methods>
            <Method visited="false" cyclomaticComplexity="1" nPathComplexity="0" sequenceCoverage="0" branchCoverage="0" crapScore="2" isConstructor="true" isStatic="false" isGetter="false" isSetter="false">
              <Summary numSequencePoints="6" visitedSequencePoints="0" numBranchPoints="1" visitedBranchPoints="0" sequenceCoverage="0" branchCoverage="0" maxCyclomaticComplexity="1" minCyclomaticComplexity="1" maxCrapScore="2" minCrapScore="2" visitedClasses="0" numClasses="0" visitedMethods="0" numMethods="1" />
              <MetadataToken>100663310</MetadataToken>
              <Name>System.Void PILOT.IPILOT::.ctor(PJS5_CSharp.Sources.Robot.Robot,System.Collections.Generic.List`1&lt;System.Int32&gt;,System.Collections.Generic.List`1&lt;System.Int32&gt;)</Name>
              <FileRef uid="2" />
              <SequencePoints>
                <SequencePoint vc="0" uspid="35" ordinal="0" offset="0" sl="18" sc="9" el="18" ec="91" bec="0" bev="0" fileid="2" />
                <SequencePoint vc="0" uspid="36" ordinal="1" offset="7" sl="19" sc="9" el="19" ec="10" bec="0" bev="0" fileid="2" />
                <SequencePoint vc="0" uspid="37" ordinal="2" offset="8" sl="20" sc="13" el="20" ec="30" bec="0" bev="0" fileid="2" />
                <SequencePoint vc="0" uspid="38" ordinal="3" offset="15" sl="21" sc="13" el="21" ec="44" bec="0" bev="0" fileid="2" />
                <SequencePoint vc="0" uspid="39" ordinal="4" offset="22" sl="22" sc="13" el="22" ec="54" bec="0" bev="0" fileid="2" />
                <SequencePoint vc="0" uspid="40" ordinal="5" offset="29" sl="23" sc="9" el="23" ec="10" bec="0" bev="0" fileid="2" />
              </SequencePoints>
              <BranchPoints />
              <MethodPoint xsi:type="SequencePoint" vc="0" uspid="35" ordinal="0" offset="0" sl="18" sc="9" el="18" ec="91" bec="0" bev="0" fileid="2" />
            </Method>
            <Method visited="false" cyclomaticComplexity="1" nPathComplexity="0" sequenceCoverage="0" branchCoverage="0" crapScore="2" isConstructor="false" isStatic="false" isGetter="false" isSetter="false">
              <Summary numSequencePoints="3" visitedSequencePoints="0" numBranchPoints="1" visitedBranchPoints="0" sequenceCoverage="0" branchCoverage="0" maxCyclomaticComplexity="1" minCyclomaticComplexity="1" maxCrapScore="2" minCrapScore="2" visitedClasses="0" numClasses="0" visitedMethods="0" numMethods="1" />
              <MetadataToken>100663312</MetadataToken>
              <Name>System.Boolean PILOT.IPILOT::RobotIsDestroy()</Name>
              <FileRef uid="2" />
              <SequencePoints>
                <SequencePoint vc="0" uspid="41" ordinal="0" offset="0" sl="28" sc="9" el="28" ec="10" bec="0" bev="0" fileid="2" />
                <SequencePoint vc="0" uspid="42" ordinal="1" offset="1" sl="29" sc="13" el="29" ec="40" bec="0" bev="0" fileid="2" />
                <SequencePoint vc="0" uspid="43" ordinal="2" offset="15" sl="30" sc="9" el="30" ec="10" bec="0" bev="0" fileid="2" />
              </SequencePoints>
              <BranchPoints />
              <MethodPoint xsi:type="SequencePoint" vc="0" uspid="41" ordinal="0" offset="0" sl="28" sc="9" el="28" ec="10" bec="0" bev="0" fileid="2" />
            </Method>
            <Method visited="false" cyclomaticComplexity="1" nPathComplexity="0" sequenceCoverage="0" branchCoverage="0" crapScore="2" isConstructor="false" isStatic="false" isGetter="false" isSetter="false">
              <Summary numSequencePoints="3" visitedSequencePoints="0" numBranchPoints="1" visitedBranchPoints="0" sequenceCoverage="0" branchCoverage="0" maxCyclomaticComplexity="1" minCyclomaticComplexity="1" maxCrapScore="2" minCrapScore="2" visitedClasses="0" numClasses="0" visitedMethods="0" numMethods="1" />
              <MetadataToken>100663313</MetadataToken>
              <Name>PJS5_CSharp.Sources.Robot.Robot PILOT.IPILOT::GetRobot()</Name>
              <FileRef uid="2" />
              <SequencePoints>
                <SequencePoint vc="0" uspid="44" ordinal="0" offset="0" sl="33" sc="9" el="33" ec="10" bec="0" bev="0" fileid="2" />
                <SequencePoint vc="0" uspid="45" ordinal="1" offset="1" sl="34" sc="13" el="34" ec="28" bec="0" bev="0" fileid="2" />
                <SequencePoint vc="0" uspid="46" ordinal="2" offset="10" sl="35" sc="9" el="35" ec="10" bec="0" bev="0" fileid="2" />
              </SequencePoints>
              <BranchPoints />
              <MethodPoint xsi:type="SequencePoint" vc="0" uspid="44" ordinal="0" offset="0" sl="33" sc="9" el="33" ec="10" bec="0" bev="0" fileid="2" />
            </Method>
            <Method visited="false" cyclomaticComplexity="1" nPathComplexity="0" sequenceCoverage="0" branchCoverage="0" crapScore="2" isConstructor="false" isStatic="false" isGetter="false" isSetter="false">
              <Summary numSequencePoints="3" visitedSequencePoints="0" numBranchPoints="1" visitedBranchPoints="0" sequenceCoverage="0" branchCoverage="0" maxCyclomaticComplexity="1" minCyclomaticComplexity="1" maxCrapScore="2" minCrapScore="2" visitedClasses="0" numClasses="0" visitedMethods="0" numMethods="1" />
              <MetadataToken>100663314</MetadataToken>
              <Name>System.Collections.Generic.List`1&lt;System.Int32&gt; PILOT.IPILOT::GetFuelsReserve()</Name>
              <FileRef uid="2" />
              <SequencePoints>
                <SequencePoint vc="0" uspid="47" ordinal="0" offset="0" sl="38" sc="9" el="38" ec="10" bec="0" bev="0" fileid="2" />
                <SequencePoint vc="0" uspid="48" ordinal="1" offset="1" sl="39" sc="13" el="39" ec="35" bec="0" bev="0" fileid="2" />
                <SequencePoint vc="0" uspid="49" ordinal="2" offset="10" sl="40" sc="9" el="40" ec="10" bec="0" bev="0" fileid="2" />
              </SequencePoints>
              <BranchPoints />
              <MethodPoint xsi:type="SequencePoint" vc="0" uspid="47" ordinal="0" offset="0" sl="38" sc="9" el="38" ec="10" bec="0" bev="0" fileid="2" />
            </Method>
            <Method visited="false" cyclomaticComplexity="1" nPathComplexity="0" sequenceCoverage="0" branchCoverage="0" crapScore="2" isConstructor="false" isStatic="false" isGetter="false" isSetter="false">
              <Summary numSequencePoints="3" visitedSequencePoints="0" numBranchPoints="1" visitedBranchPoints="0" sequenceCoverage="0" branchCoverage="0" maxCyclomaticComplexity="1" minCyclomaticComplexity="1" maxCrapScore="2" minCrapScore="2" visitedClasses="0" numClasses="0" visitedMethods="0" numMethods="1" />
              <MetadataToken>100663315</MetadataToken>
              <Name>System.Collections.Generic.List`1&lt;System.Int32&gt; PILOT.IPILOT::GetRepairKitsReserve()</Name>
              <FileRef uid="2" />
              <SequencePoints>
                <SequencePoint vc="0" uspid="50" ordinal="0" offset="0" sl="43" sc="9" el="43" ec="10" bec="0" bev="0" fileid="2" />
                <SequencePoint vc="0" uspid="51" ordinal="1" offset="1" sl="44" sc="13" el="44" ec="40" bec="0" bev="0" fileid="2" />
                <SequencePoint vc="0" uspid="52" ordinal="2" offset="10" sl="45" sc="9" el="45" ec="10" bec="0" bev="0" fileid="2" />
              </SequencePoints>
              <BranchPoints />
              <MethodPoint xsi:type="SequencePoint" vc="0" uspid="50" ordinal="0" offset="0" sl="43" sc="9" el="43" ec="10" bec="0" bev="0" fileid="2" />
            </Method>
            <Method visited="false" cyclomaticComplexity="1" nPathComplexity="0" sequenceCoverage="0" branchCoverage="0" crapScore="2" isConstructor="false" isStatic="false" isGetter="false" isSetter="false">
              <Summary numSequencePoints="3" visitedSequencePoints="0" numBranchPoints="1" visitedBranchPoints="0" sequenceCoverage="0" branchCoverage="0" maxCyclomaticComplexity="1" minCyclomaticComplexity="1" maxCrapScore="2" minCrapScore="2" visitedClasses="0" numClasses="0" visitedMethods="0" numMethods="1" />
              <MetadataToken>100663316</MetadataToken>
              <Name>System.Collections.Generic.List`1&lt;System.Int32&gt; PILOT.IPILOT::GetInputsResults()</Name>
              <FileRef uid="2" />
              <SequencePoints>
                <SequencePoint vc="0" uspid="53" ordinal="0" offset="0" sl="48" sc="9" el="48" ec="10" bec="0" bev="0" fileid="2" />
                <SequencePoint vc="0" uspid="54" ordinal="1" offset="1" sl="49" sc="13" el="49" ec="36" bec="0" bev="0" fileid="2" />
                <SequencePoint vc="0" uspid="55" ordinal="2" offset="10" sl="50" sc="9" el="50" ec="10" bec="0" bev="0" fileid="2" />
              </SequencePoints>
              <BranchPoints />
              <MethodPoint xsi:type="SequencePoint" vc="0" uspid="53" ordinal="0" offset="0" sl="48" sc="9" el="48" ec="10" bec="0" bev="0" fileid="2" />
            </Method>
          </Methods>
        </Class>
        <Class>
          <Summary numSequencePoints="312" visitedSequencePoints="0" numBranchPoints="66" visitedBranchPoints="0" sequenceCoverage="0" branchCoverage="0" maxCyclomaticComplexity="18" minCyclomaticComplexity="1" maxCrapScore="342" minCrapScore="2" visitedClasses="0" numClasses="1" visitedMethods="0" numMethods="14" />
          <FullName>GUI.Gui</FullName>
          <Methods>
            <Method visited="false" cyclomaticComplexity="3" nPathComplexity="4" sequenceCoverage="0" branchCoverage="0" crapScore="12" isConstructor="false" isStatic="true" isGetter="false" isSetter="false">
              <Summary numSequencePoints="33" visitedSequencePoints="0" numBranchPoints="5" visitedBranchPoints="0" sequenceCoverage="0" branchCoverage="0" maxCyclomaticComplexity="3" minCyclomaticComplexity="3" maxCrapScore="12" minCrapScore="12" visitedClasses="0" numClasses="0" visitedMethods="0" numMethods="1" />
              <MetadataToken>100663317</MetadataToken>
              <Name>System.Void GUI.Gui::ShowStatus(PJS5_CSharp.Sources.Robot.Robot,PJS5_CSharp.Sources.Robot.Robot)</Name>
              <FileRef uid="3" />
              <SequencePoints>
                <SequencePoint vc="0" uspid="56" ordinal="0" offset="0" sl="15" sc="9" el="15" ec="10" bec="0" bev="0" fileid="3" />
                <SequencePoint vc="0" uspid="57" ordinal="1" offset="1" sl="16" sc="13" el="16" ec="79" bec="0" bev="0" fileid="3" />
                <SequencePoint vc="0" uspid="58" ordinal="2" offset="12" sl="17" sc="13" el="17" ec="79" bec="0" bev="0" fileid="3" />
                <SequencePoint vc="0" uspid="59" ordinal="3" offset="23" sl="18" sc="13" el="18" ec="79" bec="0" bev="0" fileid="3" />
                <SequencePoint vc="0" uspid="60" ordinal="4" offset="34" sl="19" sc="13" el="19" ec="79" bec="0" bev="0" fileid="3" />
                <SequencePoint vc="0" uspid="61" ordinal="5" offset="45" sl="20" sc="13" el="20" ec="79" bec="0" bev="0" fileid="3" />
                <SequencePoint vc="0" uspid="62" ordinal="6" offset="56" sl="21" sc="13" el="21" ec="207" bec="0" bev="0" fileid="3" />
                <SequencePoint vc="0" uspid="63" ordinal="7" offset="182" sl="22" sc="13" el="22" ec="203" bec="0" bev="0" fileid="3" />
                <SequencePoint vc="0" uspid="64" ordinal="8" offset="308" sl="23" sc="13" el="23" ec="79" bec="0" bev="0" fileid="3" />
                <SequencePoint vc="0" uspid="65" ordinal="9" offset="319" sl="24" sc="13" el="24" ec="195" bec="0" bev="0" fileid="3" />
                <SequencePoint vc="0" uspid="66" ordinal="10" offset="445" sl="25" sc="13" el="25" ec="191" bec="0" bev="0" fileid="3" />
                <SequencePoint vc="0" uspid="67" ordinal="11" offset="571" sl="26" sc="13" el="26" ec="79" bec="0" bev="0" fileid="3" />
                <SequencePoint vc="0" uspid="68" ordinal="12" offset="582" sl="27" sc="13" el="27" ec="219" bec="0" bev="0" fileid="3" />
                <SequencePoint vc="0" uspid="69" ordinal="13" offset="708" sl="28" sc="13" el="28" ec="215" bec="0" bev="0" fileid="3" />
                <SequencePoint vc="0" uspid="70" ordinal="14" offset="834" sl="29" sc="13" el="29" ec="79" bec="0" bev="0" fileid="3" />
                <SequencePoint vc="0" uspid="71" ordinal="15" offset="845" sl="30" sc="13" el="30" ec="223" bec="0" bev="0" fileid="3" />
                <SequencePoint vc="0" uspid="72" ordinal="16" offset="971" sl="31" sc="13" el="31" ec="219" bec="0" bev="0" fileid="3" />
                <SequencePoint vc="0" uspid="73" ordinal="17" offset="1097" sl="32" sc="13" el="32" ec="79" bec="0" bev="0" fileid="3" />
                <SequencePoint vc="0" uspid="74" ordinal="18" offset="1108" sl="33" sc="13" el="33" ec="49" bec="0" bev="0" fileid="3" />
                <SequencePoint vc="0" uspid="75" ordinal="19" offset="1115" sl="34" sc="13" el="34" ec="65" bec="0" bev="0" fileid="3" />
                <SequencePoint vc="0" uspid="76" ordinal="20" offset="1143" sl="35" sc="13" el="35" ec="35" bec="2" bev="0" fileid="3" />
                <SequencePoint vc="0" uspid="77" ordinal="21" offset="1152" sl="36" sc="13" el="36" ec="14" bec="0" bev="0" fileid="3" />
                <SequencePoint vc="0" uspid="78" ordinal="22" offset="1153" sl="37" sc="17" el="37" ec="36" bec="0" bev="0" fileid="3" />
                <SequencePoint vc="0" uspid="79" ordinal="23" offset="1164" sl="38" sc="13" el="38" ec="14" bec="0" bev="0" fileid="3" />
                <SequencePoint vc="0" uspid="80" ordinal="24" offset="1165" sl="39" sc="13" el="39" ec="43" bec="0" bev="0" fileid="3" />
                <SequencePoint vc="0" uspid="81" ordinal="25" offset="1172" sl="40" sc="13" el="40" ec="66" bec="0" bev="0" fileid="3" />
                <SequencePoint vc="0" uspid="82" ordinal="26" offset="1200" sl="41" sc="13" el="41" ec="32" bec="2" bev="0" fileid="3" />
                <SequencePoint vc="0" uspid="83" ordinal="27" offset="1211" sl="42" sc="13" el="42" ec="14" bec="0" bev="0" fileid="3" />
                <SequencePoint vc="0" uspid="84" ordinal="28" offset="1212" sl="43" sc="17" el="43" ec="36" bec="0" bev="0" fileid="3" />
                <SequencePoint vc="0" uspid="85" ordinal="29" offset="1223" sl="44" sc="13" el="44" ec="14" bec="0" bev="0" fileid="3" />
                <SequencePoint vc="0" uspid="86" ordinal="30" offset="1224" sl="45" sc="13" el="45" ec="39" bec="0" bev="0" fileid="3" />
                <SequencePoint vc="0" uspid="87" ordinal="31" offset="1235" sl="46" sc="13" el="46" ec="79" bec="0" bev="0" fileid="3" />
                <SequencePoint vc="0" uspid="88" ordinal="32" offset="1246" sl="47" sc="9" el="47" ec="10" bec="0" bev="0" fileid="3" />
              </SequencePoints>
              <BranchPoints>
                <BranchPoint vc="0" uspid="89" ordinal="0" offset="1150" sl="35" path="0" offsetend="1152" fileid="3" />
                <BranchPoint vc="0" uspid="90" ordinal="1" offset="1150" sl="35" path="1" offsetend="1165" fileid="3" />
                <BranchPoint vc="0" uspid="91" ordinal="2" offset="1209" sl="41" path="0" offsetend="1211" fileid="3" />
                <BranchPoint vc="0" uspid="92" ordinal="3" offset="1209" sl="41" path="1" offsetend="1224" fileid="3" />
              </BranchPoints>
              <MethodPoint xsi:type="SequencePoint" vc="0" uspid="56" ordinal="0" offset="0" sl="15" sc="9" el="15" ec="10" bec="0" bev="0" fileid="3" />
            </Method>
            <Method visited="false" cyclomaticComplexity="2" nPathComplexity="2" sequenceCoverage="0" branchCoverage="0" crapScore="6" isConstructor="false" isStatic="true" isGetter="false" isSetter="false">
              <Summary numSequencePoints="16" visitedSequencePoints="0" numBranchPoints="3" visitedBranchPoints="0" sequenceCoverage="0" branchCoverage="0" maxCyclomaticComplexity="2" minCyclomaticComplexity="2" maxCrapScore="6" minCrapScore="6" visitedClasses="0" numClasses="0" visitedMethods="0" numMethods="1" />
              <MetadataToken>100663318</MetadataToken>
              <Name>System.Int32 GUI.Gui::MainMenu(System.Int32)</Name>
              <FileRef uid="3" />
              <SequencePoints>
                <SequencePoint vc="0" uspid="93" ordinal="0" offset="0" sl="50" sc="9" el="50" ec="10" bec="0" bev="0" fileid="3" />
                <SequencePoint vc="0" uspid="94" ordinal="1" offset="1" sl="51" sc="13" el="51" ec="29" bec="0" bev="0" fileid="3" />
                <SequencePoint vc="0" uspid="95" ordinal="2" offset="3" sl="52" sc="13" el="52" ec="79" bec="0" bev="0" fileid="3" />
                <SequencePoint vc="0" uspid="96" ordinal="3" offset="14" sl="53" sc="13" el="53" ec="79" bec="0" bev="0" fileid="3" />
                <SequencePoint vc="0" uspid="97" ordinal="4" offset="25" sl="54" sc="13" el="54" ec="79" bec="0" bev="0" fileid="3" />
                <SequencePoint vc="0" uspid="98" ordinal="5" offset="36" sl="55" sc="13" el="55" ec="79" bec="0" bev="0" fileid="3" />
                <SequencePoint vc="0" uspid="99" ordinal="6" offset="47" sl="56" sc="13" el="56" ec="79" bec="0" bev="0" fileid="3" />
                <SequencePoint vc="0" uspid="100" ordinal="7" offset="58" sl="57" sc="13" el="57" ec="72" bec="0" bev="0" fileid="3" />
                <SequencePoint vc="0" uspid="101" ordinal="8" offset="69" sl="58" sc="13" el="58" ec="26" bec="2" bev="0" fileid="3" />
                <SequencePoint vc="0" uspid="102" ordinal="9" offset="77" sl="59" sc="13" el="59" ec="14" bec="0" bev="0" fileid="3" />
                <SequencePoint vc="0" uspid="103" ordinal="10" offset="78" sl="60" sc="17" el="60" ec="42" bec="0" bev="0" fileid="3" />
                <SequencePoint vc="0" uspid="104" ordinal="11" offset="84" sl="61" sc="13" el="61" ec="14" bec="0" bev="0" fileid="3" />
                <SequencePoint vc="0" uspid="105" ordinal="12" offset="85" sl="62" sc="13" el="62" ec="37" bec="0" bev="0" fileid="3" />
                <SequencePoint vc="0" uspid="106" ordinal="13" offset="96" sl="63" sc="13" el="63" ec="79" bec="0" bev="0" fileid="3" />
                <SequencePoint vc="0" uspid="107" ordinal="14" offset="107" sl="64" sc="13" el="64" ec="28" bec="0" bev="0" fileid="3" />
                <SequencePoint vc="0" uspid="108" ordinal="15" offset="111" sl="65" sc="9" el="65" ec="10" bec="0" bev="0" fileid="3" />
              </SequencePoints>
              <BranchPoints>
                <BranchPoint vc="0" uspid="109" ordinal="0" offset="75" sl="58" path="0" offsetend="77" fileid="3" />
                <BranchPoint vc="0" uspid="110" ordinal="1" offset="75" sl="58" path="1" offsetend="85" fileid="3" />
              </BranchPoints>
              <MethodPoint xsi:type="SequencePoint" vc="0" uspid="93" ordinal="0" offset="0" sl="50" sc="9" el="50" ec="10" bec="0" bev="0" fileid="3" />
            </Method>
            <Method visited="false" cyclomaticComplexity="2" nPathComplexity="2" sequenceCoverage="0" branchCoverage="0" crapScore="6" isConstructor="false" isStatic="true" isGetter="false" isSetter="false">
              <Summary numSequencePoints="23" visitedSequencePoints="0" numBranchPoints="3" visitedBranchPoints="0" sequenceCoverage="0" branchCoverage="0" maxCyclomaticComplexity="2" minCyclomaticComplexity="2" maxCrapScore="6" minCrapScore="6" visitedClasses="0" numClasses="0" visitedMethods="0" numMethods="1" />
              <MetadataToken>100663319</MetadataToken>
              <Name>System.Int32 GUI.Gui::TargetMenu(System.Int32)</Name>
              <FileRef uid="3" />
              <SequencePoints>
                <SequencePoint vc="0" uspid="111" ordinal="0" offset="0" sl="68" sc="9" el="68" ec="10" bec="0" bev="0" fileid="3" />
                <SequencePoint vc="0" uspid="112" ordinal="1" offset="1" sl="69" sc="13" el="69" ec="29" bec="0" bev="0" fileid="3" />
                <SequencePoint vc="0" uspid="113" ordinal="2" offset="3" sl="70" sc="13" el="70" ec="79" bec="0" bev="0" fileid="3" />
                <SequencePoint vc="0" uspid="114" ordinal="3" offset="14" sl="71" sc="13" el="71" ec="79" bec="0" bev="0" fileid="3" />
                <SequencePoint vc="0" uspid="115" ordinal="4" offset="25" sl="72" sc="13" el="72" ec="79" bec="0" bev="0" fileid="3" />
                <SequencePoint vc="0" uspid="116" ordinal="5" offset="36" sl="73" sc="13" el="73" ec="79" bec="0" bev="0" fileid="3" />
                <SequencePoint vc="0" uspid="117" ordinal="6" offset="47" sl="74" sc="13" el="74" ec="79" bec="0" bev="0" fileid="3" />
                <SequencePoint vc="0" uspid="118" ordinal="7" offset="58" sl="75" sc="13" el="75" ec="79" bec="0" bev="0" fileid="3" />
                <SequencePoint vc="0" uspid="119" ordinal="8" offset="69" sl="76" sc="13" el="76" ec="79" bec="0" bev="0" fileid="3" />
                <SequencePoint vc="0" uspid="120" ordinal="9" offset="80" sl="77" sc="13" el="77" ec="79" bec="0" bev="0" fileid="3" />
                <SequencePoint vc="0" uspid="121" ordinal="10" offset="91" sl="78" sc="13" el="78" ec="79" bec="0" bev="0" fileid="3" />
                <SequencePoint vc="0" uspid="122" ordinal="11" offset="102" sl="79" sc="13" el="79" ec="58" bec="0" bev="0" fileid="3" />
                <SequencePoint vc="0" uspid="123" ordinal="12" offset="113" sl="80" sc="13" el="80" ec="27" bec="2" bev="0" fileid="3" />
                <SequencePoint vc="0" uspid="124" ordinal="13" offset="121" sl="81" sc="13" el="81" ec="14" bec="0" bev="0" fileid="3" />
                <SequencePoint vc="0" uspid="125" ordinal="14" offset="122" sl="82" sc="17" el="82" ec="42" bec="0" bev="0" fileid="3" />
                <SequencePoint vc="0" uspid="126" ordinal="15" offset="128" sl="83" sc="13" el="83" ec="14" bec="0" bev="0" fileid="3" />
                <SequencePoint vc="0" uspid="127" ordinal="16" offset="131" sl="85" sc="13" el="85" ec="14" bec="0" bev="0" fileid="3" />
                <SequencePoint vc="0" uspid="128" ordinal="17" offset="132" sl="86" sc="17" el="86" ec="31" bec="0" bev="0" fileid="3" />
                <SequencePoint vc="0" uspid="129" ordinal="18" offset="134" sl="87" sc="13" el="87" ec="14" bec="0" bev="0" fileid="3" />
                <SequencePoint vc="0" uspid="130" ordinal="19" offset="135" sl="88" sc="13" el="88" ec="51" bec="0" bev="0" fileid="3" />
                <SequencePoint vc="0" uspid="131" ordinal="20" offset="146" sl="89" sc="13" el="89" ec="79" bec="0" bev="0" fileid="3" />
                <SequencePoint vc="0" uspid="132" ordinal="21" offset="157" sl="90" sc="13" el="90" ec="28" bec="0" bev="0" fileid="3" />
                <SequencePoint vc="0" uspid="133" ordinal="22" offset="161" sl="91" sc="9" el="91" ec="10" bec="0" bev="0" fileid="3" />
              </SequencePoints>
              <BranchPoints>
                <BranchPoint vc="0" uspid="134" ordinal="0" offset="119" sl="80" path="0" offsetend="121" fileid="3" />
                <BranchPoint vc="0" uspid="135" ordinal="1" offset="119" sl="80" path="1" offsetend="131" fileid="3" />
              </BranchPoints>
              <MethodPoint xsi:type="SequencePoint" vc="0" uspid="111" ordinal="0" offset="0" sl="68" sc="9" el="68" ec="10" bec="0" bev="0" fileid="3" />
            </Method>
            <Method visited="false" cyclomaticComplexity="6" nPathComplexity="32" sequenceCoverage="0" branchCoverage="0" crapScore="42" isConstructor="false" isStatic="true" isGetter="false" isSetter="false">
              <Summary numSequencePoints="49" visitedSequencePoints="0" numBranchPoints="11" visitedBranchPoints="0" sequenceCoverage="0" branchCoverage="0" maxCyclomaticComplexity="6" minCyclomaticComplexity="6" maxCrapScore="42" minCrapScore="42" visitedClasses="0" numClasses="0" visitedMethods="0" numMethods="1" />
              <MetadataToken>100663320</MetadataToken>
              <Name>System.Int32 GUI.Gui::RepairMenu(PILOT.IPILOT,System.Int32)</Name>
              <FileRef uid="3" />
              <SequencePoints>
                <SequencePoint vc="0" uspid="136" ordinal="0" offset="0" sl="94" sc="9" el="94" ec="10" bec="0" bev="0" fileid="3" />
                <SequencePoint vc="0" uspid="137" ordinal="1" offset="1" sl="96" sc="13" el="96" ec="79" bec="0" bev="0" fileid="3" />
                <SequencePoint vc="0" uspid="138" ordinal="2" offset="12" sl="97" sc="13" el="97" ec="79" bec="0" bev="0" fileid="3" />
                <SequencePoint vc="0" uspid="139" ordinal="3" offset="23" sl="98" sc="13" el="98" ec="79" bec="0" bev="0" fileid="3" />
                <SequencePoint vc="0" uspid="140" ordinal="4" offset="34" sl="99" sc="13" el="99" ec="74" bec="0" bev="0" fileid="3" />
                <SequencePoint vc="0" uspid="141" ordinal="5" offset="41" sl="100" sc="13" el="100" ec="53" bec="0" bev="0" fileid="3" />
                <SequencePoint vc="0" uspid="142" ordinal="6" offset="49" sl="101" sc="13" el="101" ec="63" bec="0" bev="0" fileid="3" />
                <SequencePoint vc="0" uspid="143" ordinal="7" offset="72" sl="102" sc="13" el="102" ec="34" bec="2" bev="0" fileid="3" />
                <SequencePoint vc="0" uspid="144" ordinal="8" offset="83" sl="103" sc="13" el="103" ec="14" bec="0" bev="0" fileid="3" />
                <SequencePoint vc="0" uspid="145" ordinal="9" offset="84" sl="104" sc="17" el="104" ec="36" bec="0" bev="0" fileid="3" />
                <SequencePoint vc="0" uspid="146" ordinal="10" offset="95" sl="105" sc="13" el="105" ec="14" bec="0" bev="0" fileid="3" />
                <SequencePoint vc="0" uspid="147" ordinal="11" offset="96" sl="106" sc="13" el="106" ec="52" bec="0" bev="0" fileid="3" />
                <SequencePoint vc="0" uspid="148" ordinal="12" offset="104" sl="107" sc="13" el="107" ec="64" bec="0" bev="0" fileid="3" />
                <SequencePoint vc="0" uspid="149" ordinal="13" offset="127" sl="108" sc="13" el="108" ec="33" bec="2" bev="0" fileid="3" />
                <SequencePoint vc="0" uspid="150" ordinal="14" offset="138" sl="109" sc="13" el="109" ec="14" bec="0" bev="0" fileid="3" />
                <SequencePoint vc="0" uspid="151" ordinal="15" offset="139" sl="110" sc="17" el="110" ec="36" bec="0" bev="0" fileid="3" />
                <SequencePoint vc="0" uspid="152" ordinal="16" offset="150" sl="111" sc="13" el="111" ec="14" bec="0" bev="0" fileid="3" />
                <SequencePoint vc="0" uspid="153" ordinal="17" offset="151" sl="112" sc="13" el="112" ec="37" bec="0" bev="0" fileid="3" />
                <SequencePoint vc="0" uspid="154" ordinal="18" offset="162" sl="113" sc="13" el="113" ec="79" bec="0" bev="0" fileid="3" />
                <SequencePoint vc="0" uspid="155" ordinal="19" offset="173" sl="114" sc="13" el="114" ec="79" bec="0" bev="0" fileid="3" />
                <SequencePoint vc="0" uspid="156" ordinal="20" offset="184" sl="115" sc="13" el="115" ec="53" bec="0" bev="0" fileid="3" />
                <SequencePoint vc="0" uspid="157" ordinal="21" offset="193" sl="116" sc="13" el="116" ec="63" bec="0" bev="0" fileid="3" />
                <SequencePoint vc="0" uspid="158" ordinal="22" offset="216" sl="117" sc="13" el="117" ec="34" bec="2" bev="0" fileid="3" />
                <SequencePoint vc="0" uspid="159" ordinal="23" offset="228" sl="118" sc="13" el="118" ec="14" bec="0" bev="0" fileid="3" />
                <SequencePoint vc="0" uspid="160" ordinal="24" offset="229" sl="119" sc="17" el="119" ec="36" bec="0" bev="0" fileid="3" />
                <SequencePoint vc="0" uspid="161" ordinal="25" offset="240" sl="120" sc="13" el="120" ec="14" bec="0" bev="0" fileid="3" />
                <SequencePoint vc="0" uspid="162" ordinal="26" offset="241" sl="121" sc="13" el="121" ec="51" bec="0" bev="0" fileid="3" />
                <SequencePoint vc="0" uspid="163" ordinal="27" offset="250" sl="122" sc="13" el="122" ec="62" bec="0" bev="0" fileid="3" />
                <SequencePoint vc="0" uspid="164" ordinal="28" offset="273" sl="123" sc="13" el="123" ec="32" bec="2" bev="0" fileid="3" />
                <SequencePoint vc="0" uspid="165" ordinal="29" offset="285" sl="124" sc="13" el="124" ec="14" bec="0" bev="0" fileid="3" />
                <SequencePoint vc="0" uspid="166" ordinal="30" offset="286" sl="125" sc="17" el="125" ec="36" bec="0" bev="0" fileid="3" />
                <SequencePoint vc="0" uspid="167" ordinal="31" offset="297" sl="126" sc="13" el="126" ec="14" bec="0" bev="0" fileid="3" />
                <SequencePoint vc="0" uspid="168" ordinal="32" offset="298" sl="127" sc="13" el="127" ec="38" bec="0" bev="0" fileid="3" />
                <SequencePoint vc="0" uspid="169" ordinal="33" offset="309" sl="128" sc="13" el="128" ec="79" bec="0" bev="0" fileid="3" />
                <SequencePoint vc="0" uspid="170" ordinal="34" offset="320" sl="129" sc="13" el="129" ec="79" bec="0" bev="0" fileid="3" />
                <SequencePoint vc="0" uspid="171" ordinal="35" offset="331" sl="130" sc="13" el="130" ec="79" bec="0" bev="0" fileid="3" />
                <SequencePoint vc="0" uspid="172" ordinal="36" offset="342" sl="131" sc="13" el="131" ec="79" bec="0" bev="0" fileid="3" />
                <SequencePoint vc="0" uspid="173" ordinal="37" offset="353" sl="132" sc="13" el="132" ec="56" bec="0" bev="0" fileid="3" />
                <SequencePoint vc="0" uspid="174" ordinal="38" offset="364" sl="133" sc="13" el="133" ec="27" bec="2" bev="0" fileid="3" />
                <SequencePoint vc="0" uspid="175" ordinal="39" offset="374" sl="134" sc="13" el="134" ec="14" bec="0" bev="0" fileid="3" />
                <SequencePoint vc="0" uspid="176" ordinal="40" offset="375" sl="135" sc="17" el="135" ec="42" bec="0" bev="0" fileid="3" />
                <SequencePoint vc="0" uspid="177" ordinal="41" offset="381" sl="136" sc="13" el="136" ec="14" bec="0" bev="0" fileid="3" />
                <SequencePoint vc="0" uspid="178" ordinal="42" offset="384" sl="138" sc="13" el="138" ec="14" bec="0" bev="0" fileid="3" />
                <SequencePoint vc="0" uspid="179" ordinal="43" offset="385" sl="139" sc="17" el="139" ec="31" bec="0" bev="0" fileid="3" />
                <SequencePoint vc="0" uspid="180" ordinal="44" offset="387" sl="140" sc="13" el="140" ec="14" bec="0" bev="0" fileid="3" />
                <SequencePoint vc="0" uspid="181" ordinal="45" offset="388" sl="141" sc="13" el="141" ec="53" bec="0" bev="0" fileid="3" />
                <SequencePoint vc="0" uspid="182" ordinal="46" offset="399" sl="142" sc="13" el="142" ec="79" bec="0" bev="0" fileid="3" />
                <SequencePoint vc="0" uspid="183" ordinal="47" offset="410" sl="143" sc="13" el="143" ec="28" bec="0" bev="0" fileid="3" />
                <SequencePoint vc="0" uspid="184" ordinal="48" offset="415" sl="144" sc="9" el="144" ec="10" bec="0" bev="0" fileid="3" />
              </SequencePoints>
              <BranchPoints>
                <BranchPoint vc="0" uspid="185" ordinal="0" offset="81" sl="102" path="0" offsetend="83" fileid="3" />
                <BranchPoint vc="0" uspid="186" ordinal="1" offset="81" sl="102" path="1" offsetend="96" fileid="3" />
                <BranchPoint vc="0" uspid="187" ordinal="2" offset="136" sl="108" path="0" offsetend="138" fileid="3" />
                <BranchPoint vc="0" uspid="188" ordinal="3" offset="136" sl="108" path="1" offsetend="151" fileid="3" />
                <BranchPoint vc="0" uspid="189" ordinal="4" offset="226" sl="117" path="0" offsetend="228" fileid="3" />
                <BranchPoint vc="0" uspid="190" ordinal="5" offset="226" sl="117" path="1" offsetend="241" fileid="3" />
                <BranchPoint vc="0" uspid="191" ordinal="6" offset="283" sl="123" path="0" offsetend="285" fileid="3" />
                <BranchPoint vc="0" uspid="192" ordinal="7" offset="283" sl="123" path="1" offsetend="298" fileid="3" />
                <BranchPoint vc="0" uspid="193" ordinal="8" offset="372" sl="133" path="0" offsetend="374" fileid="3" />
                <BranchPoint vc="0" uspid="194" ordinal="9" offset="372" sl="133" path="1" offsetend="384" fileid="3" />
              </BranchPoints>
              <MethodPoint xsi:type="SequencePoint" vc="0" uspid="136" ordinal="0" offset="0" sl="94" sc="9" el="94" ec="10" bec="0" bev="0" fileid="3" />
            </Method>
            <Method visited="false" cyclomaticComplexity="6" nPathComplexity="32" sequenceCoverage="0" branchCoverage="0" crapScore="42" isConstructor="false" isStatic="true" isGetter="false" isSetter="false">
              <Summary numSequencePoints="49" visitedSequencePoints="0" numBranchPoints="11" visitedBranchPoints="0" sequenceCoverage="0" branchCoverage="0" maxCyclomaticComplexity="6" minCyclomaticComplexity="6" maxCrapScore="42" minCrapScore="42" visitedClasses="0" numClasses="0" visitedMethods="0" numMethods="1" />
              <MetadataToken>100663321</MetadataToken>
              <Name>System.Int32 GUI.Gui::FuelMenu(PILOT.IPILOT,System.Int32)</Name>
              <FileRef uid="3" />
              <SequencePoints>
                <SequencePoint vc="0" uspid="195" ordinal="0" offset="0" sl="147" sc="9" el="147" ec="10" bec="0" bev="0" fileid="3" />
                <SequencePoint vc="0" uspid="196" ordinal="1" offset="1" sl="149" sc="13" el="149" ec="79" bec="0" bev="0" fileid="3" />
                <SequencePoint vc="0" uspid="197" ordinal="2" offset="12" sl="150" sc="13" el="150" ec="79" bec="0" bev="0" fileid="3" />
                <SequencePoint vc="0" uspid="198" ordinal="3" offset="23" sl="151" sc="13" el="151" ec="79" bec="0" bev="0" fileid="3" />
                <SequencePoint vc="0" uspid="199" ordinal="4" offset="34" sl="152" sc="13" el="152" ec="64" bec="0" bev="0" fileid="3" />
                <SequencePoint vc="0" uspid="200" ordinal="5" offset="41" sl="153" sc="13" el="153" ec="42" bec="0" bev="0" fileid="3" />
                <SequencePoint vc="0" uspid="201" ordinal="6" offset="49" sl="154" sc="13" el="154" ec="54" bec="0" bev="0" fileid="3" />
                <SequencePoint vc="0" uspid="202" ordinal="7" offset="72" sl="155" sc="13" el="155" ec="28" bec="2" bev="0" fileid="3" />
                <SequencePoint vc="0" uspid="203" ordinal="8" offset="83" sl="156" sc="13" el="156" ec="14" bec="0" bev="0" fileid="3" />
                <SequencePoint vc="0" uspid="204" ordinal="9" offset="84" sl="157" sc="17" el="157" ec="36" bec="0" bev="0" fileid="3" />
                <SequencePoint vc="0" uspid="205" ordinal="10" offset="95" sl="158" sc="13" el="158" ec="14" bec="0" bev="0" fileid="3" />
                <SequencePoint vc="0" uspid="206" ordinal="11" offset="96" sl="159" sc="13" el="159" ec="46" bec="0" bev="0" fileid="3" />
                <SequencePoint vc="0" uspid="207" ordinal="12" offset="104" sl="160" sc="13" el="160" ec="65" bec="0" bev="0" fileid="3" />
                <SequencePoint vc="0" uspid="208" ordinal="13" offset="127" sl="161" sc="13" el="161" ec="32" bec="2" bev="0" fileid="3" />
                <SequencePoint vc="0" uspid="209" ordinal="14" offset="138" sl="162" sc="13" el="162" ec="14" bec="0" bev="0" fileid="3" />
                <SequencePoint vc="0" uspid="210" ordinal="15" offset="139" sl="163" sc="17" el="163" ec="36" bec="0" bev="0" fileid="3" />
                <SequencePoint vc="0" uspid="211" ordinal="16" offset="150" sl="164" sc="13" el="164" ec="14" bec="0" bev="0" fileid="3" />
                <SequencePoint vc="0" uspid="212" ordinal="17" offset="151" sl="165" sc="13" el="165" ec="38" bec="0" bev="0" fileid="3" />
                <SequencePoint vc="0" uspid="213" ordinal="18" offset="162" sl="166" sc="13" el="166" ec="79" bec="0" bev="0" fileid="3" />
                <SequencePoint vc="0" uspid="214" ordinal="19" offset="173" sl="167" sc="13" el="167" ec="79" bec="0" bev="0" fileid="3" />
                <SequencePoint vc="0" uspid="215" ordinal="20" offset="184" sl="168" sc="13" el="168" ec="42" bec="0" bev="0" fileid="3" />
                <SequencePoint vc="0" uspid="216" ordinal="21" offset="193" sl="169" sc="13" el="169" ec="54" bec="0" bev="0" fileid="3" />
                <SequencePoint vc="0" uspid="217" ordinal="22" offset="216" sl="170" sc="13" el="170" ec="28" bec="2" bev="0" fileid="3" />
                <SequencePoint vc="0" uspid="218" ordinal="23" offset="228" sl="171" sc="13" el="171" ec="14" bec="0" bev="0" fileid="3" />
                <SequencePoint vc="0" uspid="219" ordinal="24" offset="229" sl="172" sc="17" el="172" ec="36" bec="0" bev="0" fileid="3" />
                <SequencePoint vc="0" uspid="220" ordinal="25" offset="240" sl="173" sc="13" el="173" ec="14" bec="0" bev="0" fileid="3" />
                <SequencePoint vc="0" uspid="221" ordinal="26" offset="241" sl="174" sc="13" el="174" ec="49" bec="0" bev="0" fileid="3" />
                <SequencePoint vc="0" uspid="222" ordinal="27" offset="250" sl="175" sc="13" el="175" ec="70" bec="0" bev="0" fileid="3" />
                <SequencePoint vc="0" uspid="223" ordinal="28" offset="273" sl="176" sc="13" el="176" ec="35" bec="2" bev="0" fileid="3" />
                <SequencePoint vc="0" uspid="224" ordinal="29" offset="285" sl="177" sc="13" el="177" ec="14" bec="0" bev="0" fileid="3" />
                <SequencePoint vc="0" uspid="225" ordinal="30" offset="286" sl="178" sc="17" el="178" ec="36" bec="0" bev="0" fileid="3" />
                <SequencePoint vc="0" uspid="226" ordinal="31" offset="297" sl="179" sc="13" el="179" ec="14" bec="0" bev="0" fileid="3" />
                <SequencePoint vc="0" uspid="227" ordinal="32" offset="298" sl="180" sc="13" el="180" ec="36" bec="0" bev="0" fileid="3" />
                <SequencePoint vc="0" uspid="228" ordinal="33" offset="309" sl="181" sc="13" el="181" ec="79" bec="0" bev="0" fileid="3" />
                <SequencePoint vc="0" uspid="229" ordinal="34" offset="320" sl="182" sc="13" el="182" ec="79" bec="0" bev="0" fileid="3" />
                <SequencePoint vc="0" uspid="230" ordinal="35" offset="331" sl="183" sc="13" el="183" ec="79" bec="0" bev="0" fileid="3" />
                <SequencePoint vc="0" uspid="231" ordinal="36" offset="342" sl="184" sc="13" el="184" ec="79" bec="0" bev="0" fileid="3" />
                <SequencePoint vc="0" uspid="232" ordinal="37" offset="353" sl="185" sc="13" el="185" ec="57" bec="0" bev="0" fileid="3" />
                <SequencePoint vc="0" uspid="233" ordinal="38" offset="364" sl="186" sc="13" el="186" ec="27" bec="2" bev="0" fileid="3" />
                <SequencePoint vc="0" uspid="234" ordinal="39" offset="374" sl="187" sc="13" el="187" ec="14" bec="0" bev="0" fileid="3" />
                <SequencePoint vc="0" uspid="235" ordinal="40" offset="375" sl="188" sc="17" el="188" ec="42" bec="0" bev="0" fileid="3" />
                <SequencePoint vc="0" uspid="236" ordinal="41" offset="381" sl="189" sc="13" el="189" ec="14" bec="0" bev="0" fileid="3" />
                <SequencePoint vc="0" uspid="237" ordinal="42" offset="384" sl="191" sc="13" el="191" ec="14" bec="0" bev="0" fileid="3" />
                <SequencePoint vc="0" uspid="238" ordinal="43" offset="385" sl="192" sc="17" el="192" ec="31" bec="0" bev="0" fileid="3" />
                <SequencePoint vc="0" uspid="239" ordinal="44" offset="387" sl="193" sc="13" el="193" ec="14" bec="0" bev="0" fileid="3" />
                <SequencePoint vc="0" uspid="240" ordinal="45" offset="388" sl="194" sc="13" el="194" ec="52" bec="0" bev="0" fileid="3" />
                <SequencePoint vc="0" uspid="241" ordinal="46" offset="399" sl="195" sc="13" el="195" ec="79" bec="0" bev="0" fileid="3" />
                <SequencePoint vc="0" uspid="242" ordinal="47" offset="410" sl="196" sc="13" el="196" ec="28" bec="0" bev="0" fileid="3" />
                <SequencePoint vc="0" uspid="243" ordinal="48" offset="415" sl="197" sc="9" el="197" ec="10" bec="0" bev="0" fileid="3" />
              </SequencePoints>
              <BranchPoints>
                <BranchPoint vc="0" uspid="244" ordinal="0" offset="81" sl="155" path="0" offsetend="83" fileid="3" />
                <BranchPoint vc="0" uspid="245" ordinal="1" offset="81" sl="155" path="1" offsetend="96" fileid="3" />
                <BranchPoint vc="0" uspid="246" ordinal="2" offset="136" sl="161" path="0" offsetend="138" fileid="3" />
                <BranchPoint vc="0" uspid="247" ordinal="3" offset="136" sl="161" path="1" offsetend="151" fileid="3" />
                <BranchPoint vc="0" uspid="248" ordinal="4" offset="226" sl="170" path="0" offsetend="228" fileid="3" />
                <BranchPoint vc="0" uspid="249" ordinal="5" offset="226" sl="170" path="1" offsetend="241" fileid="3" />
                <BranchPoint vc="0" uspid="250" ordinal="6" offset="283" sl="176" path="0" offsetend="285" fileid="3" />
                <BranchPoint vc="0" uspid="251" ordinal="7" offset="283" sl="176" path="1" offsetend="298" fileid="3" />
                <BranchPoint vc="0" uspid="252" ordinal="8" offset="372" sl="186" path="0" offsetend="374" fileid="3" />
                <BranchPoint vc="0" uspid="253" ordinal="9" offset="372" sl="186" path="1" offsetend="384" fileid="3" />
              </BranchPoints>
              <MethodPoint xsi:type="SequencePoint" vc="0" uspid="195" ordinal="0" offset="0" sl="147" sc="9" el="147" ec="10" bec="0" bev="0" fileid="3" />
            </Method>
            <Method visited="false" cyclomaticComplexity="18" nPathComplexity="3200" sequenceCoverage="0" branchCoverage="0" crapScore="342" isConstructor="false" isStatic="true" isGetter="false" isSetter="false">
              <Summary numSequencePoints="102" visitedSequencePoints="0" numBranchPoints="25" visitedBranchPoints="0" sequenceCoverage="0" branchCoverage="0" maxCyclomaticComplexity="18" minCyclomaticComplexity="18" maxCrapScore="342" minCrapScore="342" visitedClasses="0" numClasses="0" visitedMethods="0" numMethods="1" />
              <MetadataToken>100663322</MetadataToken>
              <Name>System.Int32 GUI.Gui::WeaponMenu(PJS5_CSharp.Sources.Robot.Robot,System.Int32)</Name>
              <FileRef uid="3" />
              <SequencePoints>
                <SequencePoint vc="0" uspid="254" ordinal="0" offset="0" sl="200" sc="9" el="200" ec="10" bec="0" bev="0" fileid="3" />
                <SequencePoint vc="0" uspid="255" ordinal="1" offset="1" sl="202" sc="13" el="202" ec="79" bec="0" bev="0" fileid="3" />
                <SequencePoint vc="0" uspid="256" ordinal="2" offset="12" sl="203" sc="13" el="203" ec="79" bec="0" bev="0" fileid="3" />
                <SequencePoint vc="0" uspid="257" ordinal="3" offset="23" sl="204" sc="13" el="204" ec="79" bec="0" bev="0" fileid="3" />
                <SequencePoint vc="0" uspid="258" ordinal="4" offset="34" sl="205" sc="13" el="205" ec="53" bec="0" bev="0" fileid="3" />
                <SequencePoint vc="0" uspid="259" ordinal="5" offset="45" sl="206" sc="13" el="206" ec="49" bec="5" bev="0" fileid="3" />
                <SequencePoint vc="0" uspid="260" ordinal="6" offset="85" sl="209" sc="21" el="209" ec="22" bec="0" bev="0" fileid="3" />
                <SequencePoint vc="0" uspid="261" ordinal="7" offset="86" sl="210" sc="25" el="210" ec="69" bec="0" bev="0" fileid="3" />
                <SequencePoint vc="0" uspid="262" ordinal="8" offset="97" sl="211" sc="25" el="211" ec="31" bec="0" bev="0" fileid="3" />
                <SequencePoint vc="0" uspid="263" ordinal="9" offset="102" sl="214" sc="21" el="214" ec="22" bec="0" bev="0" fileid="3" />
                <SequencePoint vc="0" uspid="264" ordinal="10" offset="103" sl="215" sc="25" el="215" ec="69" bec="0" bev="0" fileid="3" />
                <SequencePoint vc="0" uspid="265" ordinal="11" offset="114" sl="216" sc="25" el="216" ec="31" bec="0" bev="0" fileid="3" />
                <SequencePoint vc="0" uspid="266" ordinal="12" offset="119" sl="219" sc="21" el="219" ec="22" bec="0" bev="0" fileid="3" />
                <SequencePoint vc="0" uspid="267" ordinal="13" offset="120" sl="220" sc="25" el="220" ec="69" bec="0" bev="0" fileid="3" />
                <SequencePoint vc="0" uspid="268" ordinal="14" offset="131" sl="221" sc="25" el="221" ec="72" bec="0" bev="0" fileid="3" />
                <SequencePoint vc="0" uspid="269" ordinal="15" offset="139" sl="222" sc="25" el="222" ec="70" bec="0" bev="0" fileid="3" />
                <SequencePoint vc="0" uspid="270" ordinal="16" offset="162" sl="223" sc="25" el="223" ec="40" bec="2" bev="0" fileid="3" />
                <SequencePoint vc="0" uspid="271" ordinal="17" offset="174" sl="224" sc="25" el="224" ec="26" bec="0" bev="0" fileid="3" />
                <SequencePoint vc="0" uspid="272" ordinal="18" offset="175" sl="225" sc="29" el="225" ec="48" bec="0" bev="0" fileid="3" />
                <SequencePoint vc="0" uspid="273" ordinal="19" offset="186" sl="226" sc="25" el="226" ec="26" bec="0" bev="0" fileid="3" />
                <SequencePoint vc="0" uspid="274" ordinal="20" offset="187" sl="227" sc="25" el="227" ec="70" bec="0" bev="0" fileid="3" />
                <SequencePoint vc="0" uspid="275" ordinal="21" offset="198" sl="228" sc="25" el="228" ec="31" bec="0" bev="0" fileid="3" />
                <SequencePoint vc="0" uspid="276" ordinal="22" offset="200" sl="231" sc="21" el="231" ec="22" bec="0" bev="0" fileid="3" />
                <SequencePoint vc="0" uspid="277" ordinal="23" offset="201" sl="232" sc="25" el="232" ec="69" bec="0" bev="0" fileid="3" />
                <SequencePoint vc="0" uspid="278" ordinal="24" offset="212" sl="233" sc="25" el="233" ec="72" bec="0" bev="0" fileid="3" />
                <SequencePoint vc="0" uspid="279" ordinal="25" offset="220" sl="234" sc="25" el="234" ec="69" bec="0" bev="0" fileid="3" />
                <SequencePoint vc="0" uspid="280" ordinal="26" offset="243" sl="235" sc="25" el="235" ec="40" bec="2" bev="0" fileid="3" />
                <SequencePoint vc="0" uspid="281" ordinal="27" offset="255" sl="236" sc="25" el="236" ec="26" bec="0" bev="0" fileid="3" />
                <SequencePoint vc="0" uspid="282" ordinal="28" offset="256" sl="237" sc="29" el="237" ec="48" bec="0" bev="0" fileid="3" />
                <SequencePoint vc="0" uspid="283" ordinal="29" offset="267" sl="238" sc="25" el="238" ec="26" bec="0" bev="0" fileid="3" />
                <SequencePoint vc="0" uspid="284" ordinal="30" offset="268" sl="239" sc="25" el="239" ec="69" bec="0" bev="0" fileid="3" />
                <SequencePoint vc="0" uspid="285" ordinal="31" offset="279" sl="240" sc="25" el="240" ec="31" bec="0" bev="0" fileid="3" />
                <SequencePoint vc="0" uspid="286" ordinal="32" offset="281" sl="243" sc="21" el="243" ec="22" bec="0" bev="0" fileid="3" />
                <SequencePoint vc="0" uspid="287" ordinal="33" offset="282" sl="244" sc="25" el="244" ec="69" bec="0" bev="0" fileid="3" />
                <SequencePoint vc="0" uspid="288" ordinal="34" offset="293" sl="245" sc="25" el="245" ec="31" bec="0" bev="0" fileid="3" />
                <SequencePoint vc="0" uspid="289" ordinal="35" offset="295" sl="248" sc="13" el="248" ec="79" bec="0" bev="0" fileid="3" />
                <SequencePoint vc="0" uspid="290" ordinal="36" offset="306" sl="249" sc="13" el="249" ec="115" bec="0" bev="0" fileid="3" />
                <SequencePoint vc="0" uspid="291" ordinal="37" offset="342" sl="250" sc="13" el="250" ec="66" bec="0" bev="0" fileid="3" />
                <SequencePoint vc="0" uspid="292" ordinal="38" offset="349" sl="251" sc="13" el="251" ec="65" bec="0" bev="0" fileid="3" />
                <SequencePoint vc="0" uspid="293" ordinal="39" offset="377" sl="252" sc="13" el="252" ec="37" bec="2" bev="0" fileid="3" />
                <SequencePoint vc="0" uspid="294" ordinal="40" offset="388" sl="253" sc="13" el="253" ec="14" bec="0" bev="0" fileid="3" />
                <SequencePoint vc="0" uspid="295" ordinal="41" offset="389" sl="254" sc="17" el="254" ec="36" bec="0" bev="0" fileid="3" />
                <SequencePoint vc="0" uspid="296" ordinal="42" offset="400" sl="255" sc="13" el="255" ec="14" bec="0" bev="0" fileid="3" />
                <SequencePoint vc="0" uspid="297" ordinal="43" offset="401" sl="256" sc="13" el="256" ec="63" bec="0" bev="0" fileid="3" />
                <SequencePoint vc="0" uspid="298" ordinal="44" offset="412" sl="257" sc="13" el="257" ec="124" bec="0" bev="0" fileid="3" />
                <SequencePoint vc="0" uspid="299" ordinal="45" offset="448" sl="258" sc="13" el="258" ec="79" bec="0" bev="0" fileid="3" />
                <SequencePoint vc="0" uspid="300" ordinal="46" offset="459" sl="259" sc="13" el="259" ec="54" bec="0" bev="0" fileid="3" />
                <SequencePoint vc="0" uspid="301" ordinal="47" offset="470" sl="260" sc="13" el="260" ec="50" bec="5" bev="0" fileid="3" />
                <SequencePoint vc="0" uspid="302" ordinal="48" offset="512" sl="263" sc="21" el="263" ec="22" bec="0" bev="0" fileid="3" />
                <SequencePoint vc="0" uspid="303" ordinal="49" offset="513" sl="264" sc="25" el="264" ec="68" bec="0" bev="0" fileid="3" />
                <SequencePoint vc="0" uspid="304" ordinal="50" offset="524" sl="265" sc="25" el="265" ec="31" bec="0" bev="0" fileid="3" />
                <SequencePoint vc="0" uspid="305" ordinal="51" offset="529" sl="268" sc="21" el="268" ec="22" bec="0" bev="0" fileid="3" />
                <SequencePoint vc="0" uspid="306" ordinal="52" offset="530" sl="269" sc="25" el="269" ec="68" bec="0" bev="0" fileid="3" />
                <SequencePoint vc="0" uspid="307" ordinal="53" offset="541" sl="270" sc="25" el="270" ec="31" bec="0" bev="0" fileid="3" />
                <SequencePoint vc="0" uspid="308" ordinal="54" offset="546" sl="273" sc="21" el="273" ec="22" bec="0" bev="0" fileid="3" />
                <SequencePoint vc="0" uspid="309" ordinal="55" offset="547" sl="274" sc="25" el="274" ec="68" bec="0" bev="0" fileid="3" />
                <SequencePoint vc="0" uspid="310" ordinal="56" offset="558" sl="275" sc="25" el="275" ec="73" bec="0" bev="0" fileid="3" />
                <SequencePoint vc="0" uspid="311" ordinal="57" offset="566" sl="276" sc="25" el="276" ec="70" bec="0" bev="0" fileid="3" />
                <SequencePoint vc="0" uspid="312" ordinal="58" offset="589" sl="277" sc="25" el="277" ec="40" bec="2" bev="0" fileid="3" />
                <SequencePoint vc="0" uspid="313" ordinal="59" offset="601" sl="278" sc="25" el="278" ec="26" bec="0" bev="0" fileid="3" />
                <SequencePoint vc="0" uspid="314" ordinal="60" offset="602" sl="279" sc="29" el="279" ec="48" bec="0" bev="0" fileid="3" />
                <SequencePoint vc="0" uspid="315" ordinal="61" offset="613" sl="280" sc="25" el="280" ec="26" bec="0" bev="0" fileid="3" />
                <SequencePoint vc="0" uspid="316" ordinal="62" offset="614" sl="281" sc="25" el="281" ec="70" bec="0" bev="0" fileid="3" />
                <SequencePoint vc="0" uspid="317" ordinal="63" offset="625" sl="282" sc="25" el="282" ec="31" bec="0" bev="0" fileid="3" />
                <SequencePoint vc="0" uspid="318" ordinal="64" offset="627" sl="285" sc="21" el="285" ec="22" bec="0" bev="0" fileid="3" />
                <SequencePoint vc="0" uspid="319" ordinal="65" offset="628" sl="286" sc="25" el="286" ec="68" bec="0" bev="0" fileid="3" />
                <SequencePoint vc="0" uspid="320" ordinal="66" offset="639" sl="287" sc="25" el="287" ec="73" bec="0" bev="0" fileid="3" />
                <SequencePoint vc="0" uspid="321" ordinal="67" offset="647" sl="288" sc="25" el="288" ec="69" bec="0" bev="0" fileid="3" />
                <SequencePoint vc="0" uspid="322" ordinal="68" offset="670" sl="289" sc="25" el="289" ec="40" bec="2" bev="0" fileid="3" />
                <SequencePoint vc="0" uspid="323" ordinal="69" offset="682" sl="290" sc="25" el="290" ec="26" bec="0" bev="0" fileid="3" />
                <SequencePoint vc="0" uspid="324" ordinal="70" offset="683" sl="291" sc="29" el="291" ec="48" bec="0" bev="0" fileid="3" />
                <SequencePoint vc="0" uspid="325" ordinal="71" offset="694" sl="292" sc="25" el="292" ec="26" bec="0" bev="0" fileid="3" />
                <SequencePoint vc="0" uspid="326" ordinal="72" offset="695" sl="293" sc="25" el="293" ec="69" bec="0" bev="0" fileid="3" />
                <SequencePoint vc="0" uspid="327" ordinal="73" offset="706" sl="294" sc="25" el="294" ec="31" bec="0" bev="0" fileid="3" />
                <SequencePoint vc="0" uspid="328" ordinal="74" offset="708" sl="297" sc="21" el="297" ec="22" bec="0" bev="0" fileid="3" />
                <SequencePoint vc="0" uspid="329" ordinal="75" offset="709" sl="298" sc="25" el="298" ec="68" bec="0" bev="0" fileid="3" />
                <SequencePoint vc="0" uspid="330" ordinal="76" offset="720" sl="299" sc="25" el="299" ec="31" bec="0" bev="0" fileid="3" />
                <SequencePoint vc="0" uspid="331" ordinal="77" offset="722" sl="302" sc="13" el="302" ec="79" bec="0" bev="0" fileid="3" />
                <SequencePoint vc="0" uspid="332" ordinal="78" offset="733" sl="303" sc="13" el="303" ec="116" bec="0" bev="0" fileid="3" />
                <SequencePoint vc="0" uspid="333" ordinal="79" offset="769" sl="304" sc="13" el="304" ec="68" bec="0" bev="0" fileid="3" />
                <SequencePoint vc="0" uspid="334" ordinal="80" offset="776" sl="305" sc="13" el="305" ec="66" bec="0" bev="0" fileid="3" />
                <SequencePoint vc="0" uspid="335" ordinal="81" offset="804" sl="306" sc="13" el="306" ec="38" bec="2" bev="0" fileid="3" />
                <SequencePoint vc="0" uspid="336" ordinal="82" offset="815" sl="307" sc="13" el="307" ec="14" bec="0" bev="0" fileid="3" />
                <SequencePoint vc="0" uspid="337" ordinal="83" offset="816" sl="308" sc="17" el="308" ec="36" bec="0" bev="0" fileid="3" />
                <SequencePoint vc="0" uspid="338" ordinal="84" offset="827" sl="309" sc="13" el="309" ec="14" bec="0" bev="0" fileid="3" />
                <SequencePoint vc="0" uspid="339" ordinal="85" offset="828" sl="310" sc="13" el="310" ec="63" bec="0" bev="0" fileid="3" />
                <SequencePoint vc="0" uspid="340" ordinal="86" offset="839" sl="311" sc="13" el="311" ec="125" bec="0" bev="0" fileid="3" />
                <SequencePoint vc="0" uspid="341" ordinal="87" offset="875" sl="312" sc="13" el="312" ec="79" bec="0" bev="0" fileid="3" />
                <SequencePoint vc="0" uspid="342" ordinal="88" offset="886" sl="313" sc="13" el="313" ec="79" bec="0" bev="0" fileid="3" />
                <SequencePoint vc="0" uspid="343" ordinal="89" offset="897" sl="314" sc="13" el="314" ec="79" bec="0" bev="0" fileid="3" />
                <SequencePoint vc="0" uspid="344" ordinal="90" offset="908" sl="315" sc="13" el="315" ec="54" bec="0" bev="0" fileid="3" />
                <SequencePoint vc="0" uspid="345" ordinal="91" offset="919" sl="316" sc="13" el="316" ec="26" bec="2" bev="0" fileid="3" />
                <SequencePoint vc="0" uspid="346" ordinal="92" offset="929" sl="317" sc="13" el="317" ec="14" bec="0" bev="0" fileid="3" />
                <SequencePoint vc="0" uspid="347" ordinal="93" offset="930" sl="318" sc="17" el="318" ec="42" bec="0" bev="0" fileid="3" />
                <SequencePoint vc="0" uspid="348" ordinal="94" offset="936" sl="319" sc="13" el="319" ec="14" bec="0" bev="0" fileid="3" />
                <SequencePoint vc="0" uspid="349" ordinal="95" offset="939" sl="321" sc="13" el="321" ec="14" bec="0" bev="0" fileid="3" />
                <SequencePoint vc="0" uspid="350" ordinal="96" offset="940" sl="322" sc="17" el="322" ec="31" bec="0" bev="0" fileid="3" />
                <SequencePoint vc="0" uspid="351" ordinal="97" offset="942" sl="323" sc="13" el="323" ec="14" bec="0" bev="0" fileid="3" />
                <SequencePoint vc="0" uspid="352" ordinal="98" offset="943" sl="324" sc="13" el="324" ec="55" bec="0" bev="0" fileid="3" />
                <SequencePoint vc="0" uspid="353" ordinal="99" offset="954" sl="325" sc="13" el="325" ec="79" bec="0" bev="0" fileid="3" />
                <SequencePoint vc="0" uspid="354" ordinal="100" offset="965" sl="326" sc="13" el="326" ec="28" bec="0" bev="0" fileid="3" />
                <SequencePoint vc="0" uspid="355" ordinal="101" offset="970" sl="327" sc="9" el="327" ec="10" bec="0" bev="0" fileid="3" />
              </SequencePoints>
              <BranchPoints>
                <BranchPoint vc="0" uspid="356" ordinal="0" offset="59" sl="206" path="0" offsetchain="80" offsetend="281" fileid="3" />
                <BranchPoint vc="0" uspid="357" ordinal="1" offset="59" sl="206" path="1" offsetend="85" fileid="3" />
                <BranchPoint vc="0" uspid="358" ordinal="2" offset="59" sl="206" path="2" offsetend="102" fileid="3" />
                <BranchPoint vc="0" uspid="359" ordinal="3" offset="59" sl="206" path="3" offsetend="119" fileid="3" />
                <BranchPoint vc="0" uspid="360" ordinal="4" offset="59" sl="206" path="4" offsetend="200" fileid="3" />
                <BranchPoint vc="0" uspid="361" ordinal="5" offset="172" sl="223" path="0" offsetend="174" fileid="3" />
                <BranchPoint vc="0" uspid="362" ordinal="6" offset="172" sl="223" path="1" offsetend="187" fileid="3" />
                <BranchPoint vc="0" uspid="363" ordinal="7" offset="253" sl="235" path="0" offsetend="255" fileid="3" />
                <BranchPoint vc="0" uspid="364" ordinal="8" offset="253" sl="235" path="1" offsetend="268" fileid="3" />
                <BranchPoint vc="0" uspid="365" ordinal="9" offset="386" sl="252" path="0" offsetend="388" fileid="3" />
                <BranchPoint vc="0" uspid="366" ordinal="10" offset="386" sl="252" path="1" offsetend="401" fileid="3" />
                <BranchPoint vc="0" uspid="367" ordinal="11" offset="486" sl="260" path="0" offsetchain="507" offsetend="708" fileid="3" />
                <BranchPoint vc="0" uspid="368" ordinal="12" offset="486" sl="260" path="1" offsetend="512" fileid="3" />
                <BranchPoint vc="0" uspid="369" ordinal="13" offset="486" sl="260" path="2" offsetend="529" fileid="3" />
                <BranchPoint vc="0" uspid="370" ordinal="14" offset="486" sl="260" path="3" offsetend="546" fileid="3" />
                <BranchPoint vc="0" uspid="371" ordinal="15" offset="486" sl="260" path="4" offsetend="627" fileid="3" />
                <BranchPoint vc="0" uspid="372" ordinal="16" offset="599" sl="277" path="0" offsetend="601" fileid="3" />
                <BranchPoint vc="0" uspid="373" ordinal="17" offset="599" sl="277" path="1" offsetend="614" fileid="3" />
                <BranchPoint vc="0" uspid="374" ordinal="18" offset="680" sl="289" path="0" offsetend="682" fileid="3" />
                <BranchPoint vc="0" uspid="375" ordinal="19" offset="680" sl="289" path="1" offsetend="695" fileid="3" />
                <BranchPoint vc="0" uspid="376" ordinal="20" offset="813" sl="306" path="0" offsetend="815" fileid="3" />
                <BranchPoint vc="0" uspid="377" ordinal="21" offset="813" sl="306" path="1" offsetend="828" fileid="3" />
                <BranchPoint vc="0" uspid="378" ordinal="22" offset="927" sl="316" path="0" offsetend="929" fileid="3" />
                <BranchPoint vc="0" uspid="379" ordinal="23" offset="927" sl="316" path="1" offsetend="939" fileid="3" />
              </BranchPoints>
              <MethodPoint xsi:type="SequencePoint" vc="0" uspid="254" ordinal="0" offset="0" sl="200" sc="9" el="200" ec="10" bec="0" bev="0" fileid="3" />
            </Method>
            <Method visited="false" cyclomaticComplexity="1" nPathComplexity="0" sequenceCoverage="0" branchCoverage="0" crapScore="2" isConstructor="false" isStatic="true" isGetter="false" isSetter="false">
              <Summary numSequencePoints="5" visitedSequencePoints="0" numBranchPoints="1" visitedBranchPoints="0" sequenceCoverage="0" branchCoverage="0" maxCyclomaticComplexity="1" minCyclomaticComplexity="1" maxCrapScore="2" minCrapScore="2" visitedClasses="0" numClasses="0" visitedMethods="0" numMethods="1" />
              <MetadataToken>100663323</MetadataToken>
              <Name>System.Void GUI.Gui::RobotRestart()</Name>
              <FileRef uid="3" />
              <SequencePoints>
                <SequencePoint vc="0" uspid="380" ordinal="0" offset="0" sl="330" sc="9" el="330" ec="10" bec="0" bev="0" fileid="3" />
                <SequencePoint vc="0" uspid="381" ordinal="1" offset="1" sl="331" sc="13" el="331" ec="79" bec="0" bev="0" fileid="3" />
                <SequencePoint vc="0" uspid="382" ordinal="2" offset="12" sl="332" sc="13" el="332" ec="79" bec="0" bev="0" fileid="3" />
                <SequencePoint vc="0" uspid="383" ordinal="3" offset="23" sl="333" sc="13" el="333" ec="79" bec="0" bev="0" fileid="3" />
                <SequencePoint vc="0" uspid="384" ordinal="4" offset="34" sl="334" sc="9" el="334" ec="10" bec="0" bev="0" fileid="3" />
              </SequencePoints>
              <BranchPoints />
              <MethodPoint xsi:type="SequencePoint" vc="0" uspid="380" ordinal="0" offset="0" sl="330" sc="9" el="330" ec="10" bec="0" bev="0" fileid="3" />
            </Method>
            <Method visited="false" cyclomaticComplexity="1" nPathComplexity="0" sequenceCoverage="0" branchCoverage="0" crapScore="2" isConstructor="false" isStatic="true" isGetter="false" isSetter="false">
              <Summary numSequencePoints="5" visitedSequencePoints="0" numBranchPoints="1" visitedBranchPoints="0" sequenceCoverage="0" branchCoverage="0" maxCyclomaticComplexity="1" minCyclomaticComplexity="1" maxCrapScore="2" minCrapScore="2" visitedClasses="0" numClasses="0" visitedMethods="0" numMethods="1" />
              <MetadataToken>100663324</MetadataToken>
              <Name>System.Void GUI.Gui::WeaponIsUnusable()</Name>
              <FileRef uid="3" />
              <SequencePoints>
                <SequencePoint vc="0" uspid="385" ordinal="0" offset="0" sl="337" sc="9" el="337" ec="10" bec="0" bev="0" fileid="3" />
                <SequencePoint vc="0" uspid="386" ordinal="1" offset="1" sl="338" sc="13" el="338" ec="79" bec="0" bev="0" fileid="3" />
                <SequencePoint vc="0" uspid="387" ordinal="2" offset="12" sl="339" sc="13" el="339" ec="79" bec="0" bev="0" fileid="3" />
                <SequencePoint vc="0" uspid="388" ordinal="3" offset="23" sl="340" sc="13" el="340" ec="79" bec="0" bev="0" fileid="3" />
                <SequencePoint vc="0" uspid="389" ordinal="4" offset="34" sl="341" sc="9" el="341" ec="10" bec="0" bev="0" fileid="3" />
              </SequencePoints>
              <BranchPoints />
              <MethodPoint xsi:type="SequencePoint" vc="0" uspid="385" ordinal="0" offset="0" sl="337" sc="9" el="337" ec="10" bec="0" bev="0" fileid="3" />
            </Method>
            <Method visited="false" cyclomaticComplexity="1" nPathComplexity="0" sequenceCoverage="0" branchCoverage="0" crapScore="2" isConstructor="false" isStatic="true" isGetter="false" isSetter="false">
              <Summary numSequencePoints="5" visitedSequencePoints="0" numBranchPoints="1" visitedBranchPoints="0" sequenceCoverage="0" branchCoverage="0" maxCyclomaticComplexity="1" minCyclomaticComplexity="1" maxCrapScore="2" minCrapScore="2" visitedClasses="0" numClasses="0" visitedMethods="0" numMethods="1" />
              <MetadataToken>100663325</MetadataToken>
              <Name>System.Void GUI.Gui::AlreadyDestroy()</Name>
[...]
                <SequencePoint vc="0" uspid="1297" ordinal="2" offset="10" sl="408" sc="9" el="408" ec="10" bec="0" bev="0" fileid="14" />
              </SequencePoints>
              <BranchPoints />
              <MethodPoint xsi:type="SequencePoint" vc="0" uspid="1295" ordinal="0" offset="0" sl="406" sc="9" el="406" ec="10" bec="0" bev="0" fileid="14" />
            </Method>
          </Methods>
        </Class>
        <Class>
          <Summary numSequencePoints="10" visitedSequencePoints="0" numBranchPoints="4" visitedBranchPoints="0" sequenceCoverage="0" branchCoverage="0" maxCyclomaticComplexity="1" minCyclomaticComplexity="1" maxCrapScore="2" minCrapScore="2" visitedClasses="0" numClasses="1" visitedMethods="0" numMethods="4" />
          <FullName>PJS5_CSharp.Sources.Pilot.Bot.BOT_PILOT</FullName>
          <Methods>
            <Method visited="false" cyclomaticComplexity="1" nPathComplexity="0" sequenceCoverage="0" branchCoverage="0" crapScore="2" isConstructor="true" isStatic="false" isGetter="false" isSetter="false">
              <Summary numSequencePoints="3" visitedSequencePoints="0" numBranchPoints="1" visitedBranchPoints="0" sequenceCoverage="0" branchCoverage="0" maxCyclomaticComplexity="1" minCyclomaticComplexity="1" maxCrapScore="2" minCrapScore="2" visitedClasses="0" numClasses="0" visitedMethods="0" numMethods="1" />
              <MetadataToken>100663413</MetadataToken>
              <Name>System.Void PJS5_CSharp.Sources.Pilot.Bot.BOT_PILOT::.ctor(PJS5_CSharp.Sources.Robot.Robot,System.Collections.Generic.List`1&lt;System.Int32&gt;,System.Collections.Generic.List`1&lt;System.Int32&gt;)</Name>
              <FileRef uid="15" />
              <SequencePoints>
                <SequencePoint vc="0" uspid="1298" ordinal="0" offset="0" sl="13" sc="103" el="13" ec="150" bec="0" bev="0" fileid="15" />
                <SequencePoint vc="0" uspid="1299" ordinal="1" offset="10" sl="14" sc="9" el="14" ec="10" bec="0" bev="0" fileid="15" />
                <SequencePoint vc="0" uspid="1300" ordinal="2" offset="11" sl="15" sc="9" el="15" ec="10" bec="0" bev="0" fileid="15" />
              </SequencePoints>
              <BranchPoints />
              <MethodPoint xsi:type="SequencePoint" vc="0" uspid="1298" ordinal="0" offset="0" sl="13" sc="103" el="13" ec="150" bec="0" bev="0" fileid="15" />
            </Method>
            <Method visited="false" cyclomaticComplexity="1" nPathComplexity="0" sequenceCoverage="0" branchCoverage="0" crapScore="2" isConstructor="false" isStatic="false" isGetter="false" isSetter="false">
              <Summary numSequencePoints="2" visitedSequencePoints="0" numBranchPoints="1" visitedBranchPoints="0" sequenceCoverage="0" branchCoverage="0" maxCyclomaticComplexity="1" minCyclomaticComplexity="1" maxCrapScore="2" minCrapScore="2" visitedClasses="0" numClasses="0" visitedMethods="0" numMethods="1" />
              <MetadataToken>100663414</MetadataToken>
              <Name>System.Collections.Generic.List`1&lt;System.Int32&gt; PJS5_CSharp.Sources.Pilot.Bot.BOT_PILOT::GetFuelsReserve()</Name>
              <FileRef uid="15" />
              <SequencePoints>
                <SequencePoint vc="0" uspid="1301" ordinal="0" offset="0" sl="18" sc="9" el="18" ec="10" bec="0" bev="0" fileid="15" />
                <SequencePoint vc="0" uspid="1302" ordinal="1" offset="1" sl="19" sc="13" el="19" ec="49" bec="0" bev="0" fileid="15" />
              </SequencePoints>
              <BranchPoints />
              <MethodPoint xsi:type="SequencePoint" vc="0" uspid="1301" ordinal="0" offset="0" sl="18" sc="9" el="18" ec="10" bec="0" bev="0" fileid="15" />
            </Method>
            <Method visited="false" cyclomaticComplexity="1" nPathComplexity="0" sequenceCoverage="0" branchCoverage="0" crapScore="2" isConstructor="false" isStatic="false" isGetter="false" isSetter="false">
              <Summary numSequencePoints="2" visitedSequencePoints="0" numBranchPoints="1" visitedBranchPoints="0" sequenceCoverage="0" branchCoverage="0" maxCyclomaticComplexity="1" minCyclomaticComplexity="1" maxCrapScore="2" minCrapScore="2" visitedClasses="0" numClasses="0" visitedMethods="0" numMethods="1" />
              <MetadataToken>100663415</MetadataToken>
              <Name>System.Collections.Generic.List`1&lt;System.Int32&gt; PJS5_CSharp.Sources.Pilot.Bot.BOT_PILOT::GetRepairKitsReserve()</Name>
              <FileRef uid="15" />
              <SequencePoints>
                <SequencePoint vc="0" uspid="1303" ordinal="0" offset="0" sl="23" sc="9" el="23" ec="10" bec="0" bev="0" fileid="15" />
                <SequencePoint vc="0" uspid="1304" ordinal="1" offset="1" sl="24" sc="13" el="24" ec="49" bec="0" bev="0" fileid="15" />
              </SequencePoints>
              <BranchPoints />
              <MethodPoint xsi:type="SequencePoint" vc="0" uspid="1303" ordinal="0" offset="0" sl="23" sc="9" el="23" ec="10" bec="0" bev="0" fileid="15" />
            </Method>
            <Method visited="false" cyclomaticComplexity="1" nPathComplexity="0" sequenceCoverage="0" branchCoverage="0" crapScore="2" isConstructor="false" isStatic="false" isGetter="false" isSetter="false">
              <Summary numSequencePoints="3" visitedSequencePoints="0" numBranchPoints="1" visitedBranchPoints="0" sequenceCoverage="0" branchCoverage="0" maxCyclomaticComplexity="1" minCyclomaticComplexity="1" maxCrapScore="2" minCrapScore="2" visitedClasses="0" numClasses="0" visitedMethods="0" numMethods="1" />
              <MetadataToken>100663416</MetadataToken>
              <Name>System.Void PJS5_CSharp.Sources.Pilot.Bot.BOT_PILOT::PlayTurn(PJS5_CSharp.Sources.Robot.Robot,System.Int32,System.Int32,System.Int32,System.Int32)</Name>
              <FileRef uid="15" />
              <SequencePoints>
                <SequencePoint vc="0" uspid="1305" ordinal="0" offset="0" sl="29" sc="9" el="29" ec="10" bec="0" bev="0" fileid="15" />
                <SequencePoint vc="0" uspid="1306" ordinal="1" offset="1" sl="30" sc="13" el="30" ec="57" bec="0" bev="0" fileid="15" />
                <SequencePoint vc="0" uspid="1307" ordinal="2" offset="12" sl="31" sc="9" el="31" ec="10" bec="0" bev="0" fileid="15" />
              </SequencePoints>
              <BranchPoints />
              <MethodPoint xsi:type="SequencePoint" vc="0" uspid="1305" ordinal="0" offset="0" sl="29" sc="9" el="29" ec="10" bec="0" bev="0" fileid="15" />
            </Method>
          </Methods>
        </Class>
        <Class>
          <Summary numSequencePoints="36" visitedSequencePoints="0" numBranchPoints="13" visitedBranchPoints="0" sequenceCoverage="0" branchCoverage="0" maxCyclomaticComplexity="4" minCyclomaticComplexity="1" maxCrapScore="20" minCrapScore="2" visitedClasses="0" numClasses="1" visitedMethods="0" numMethods="5" />
          <FullName>PJS5_CSharp.Sources.Battle.Battle</FullName>
          <Methods>
            <Method visited="false" cyclomaticComplexity="1" nPathComplexity="0" sequenceCoverage="0" branchCoverage="0" crapScore="2" isConstructor="true" isStatic="false" isGetter="false" isSetter="false">
              <Summary numSequencePoints="4" visitedSequencePoints="0" numBranchPoints="1" visitedBranchPoints="0" sequenceCoverage="0" branchCoverage="0" maxCyclomaticComplexity="1" minCyclomaticComplexity="1" maxCrapScore="2" minCrapScore="2" visitedClasses="0" numClasses="0" visitedMethods="0" numMethods="1" />
              <MetadataToken>100663417</MetadataToken>
              <Name>System.Void PJS5_CSharp.Sources.Battle.Battle::.ctor(PILOT.IPILOT,PILOT.IPILOT)</Name>
              <FileRef uid="16" />
              <SequencePoints>
                <SequencePoint vc="0" uspid="1308" ordinal="0" offset="0" sl="16" sc="9" el="16" ec="51" bec="0" bev="0" fileid="16" />
                <SequencePoint vc="0" uspid="1309" ordinal="1" offset="7" sl="17" sc="9" el="17" ec="10" bec="0" bev="0" fileid="16" />
                <SequencePoint vc="0" uspid="1310" ordinal="2" offset="8" sl="18" sc="13" el="18" ec="54" bec="0" bev="0" fileid="16" />
                <SequencePoint vc="0" uspid="1311" ordinal="3" offset="28" sl="19" sc="9" el="19" ec="10" bec="0" bev="0" fileid="16" />
              </SequencePoints>
              <BranchPoints />
              <MethodPoint xsi:type="SequencePoint" vc="0" uspid="1308" ordinal="0" offset="0" sl="16" sc="9" el="16" ec="51" bec="0" bev="0" fileid="16" />
            </Method>
            <Method visited="false" cyclomaticComplexity="4" nPathComplexity="8" sequenceCoverage="0" branchCoverage="0" crapScore="20" isConstructor="false" isStatic="false" isGetter="false" isSetter="false">
              <Summary numSequencePoints="23" visitedSequencePoints="0" numBranchPoints="7" visitedBranchPoints="0" sequenceCoverage="0" branchCoverage="0" maxCyclomaticComplexity="4" minCyclomaticComplexity="4" maxCrapScore="20" minCrapScore="20" visitedClasses="0" numClasses="0" visitedMethods="0" numMethods="1" />
              <MetadataToken>100663418</MetadataToken>
              <Name>System.Void PJS5_CSharp.Sources.Battle.Battle::BattleWithConsoleGui()</Name>
              <FileRef uid="16" />
              <SequencePoints>
                <SequencePoint vc="0" uspid="1312" ordinal="0" offset="0" sl="22" sc="9" el="22" ec="10" bec="0" bev="0" fileid="16" />
                <SequencePoint vc="0" uspid="1313" ordinal="1" offset="1" sl="23" sc="13" el="23" ec="27" bec="0" bev="0" fileid="16" />
                <SequencePoint vc="0" uspid="1314" ordinal="2" offset="3" sl="26" sc="13" el="26" ec="77" bec="0" bev="0" fileid="16" />
                <SequencePoint vc="0" uspid="1315" ordinal="3" offset="9" sl="28" sc="13" el="28" ec="51" bec="0" bev="0" fileid="16" />
                <SequencePoint vc="0" uspid="1316" ordinal="4" offset="20" sl="30" sc="13" el="30" ec="14" bec="0" bev="0" fileid="16" />
                <SequencePoint vc="0" uspid="1317" ordinal="5" offset="21" sl="31" sc="17" el="31" ec="25" bec="0" bev="0" fileid="16" />
                <SequencePoint vc="0" uspid="1318" ordinal="6" offset="25" sl="32" sc="17" el="32" ec="90" bec="0" bev="0" fileid="16" />
                <SequencePoint vc="0" uspid="1319" ordinal="7" offset="31" sl="33" sc="22" el="33" ec="36" bec="0" bev="0" fileid="16" />
                <SequencePoint vc="0" uspid="1320" ordinal="8" offset="39" sl="34" sc="17" el="34" ec="18" bec="0" bev="0" fileid="16" />
                <SequencePoint vc="0" uspid="1321" ordinal="9" offset="40" sl="36" sc="21" el="36" ec="86" bec="0" bev="0" fileid="16" />
                <SequencePoint vc="0" uspid="1322" ordinal="10" offset="72" sl="37" sc="21" el="37" ec="78" bec="0" bev="0" fileid="16" />
                <SequencePoint vc="0" uspid="1323" ordinal="11" offset="107" sl="38" sc="21" el="38" ec="62" bec="2" bev="0" fileid="16" />
                <SequencePoint vc="0" uspid="1324" ordinal="12" offset="129" sl="39" sc="21" el="39" ec="22" bec="0" bev="0" fileid="16" />
                <SequencePoint vc="0" uspid="1325" ordinal="13" offset="130" sl="41" sc="21" el="41" ec="22" bec="0" bev="0" fileid="16" />
                <SequencePoint vc="0" uspid="1326" ordinal="14" offset="131" sl="42" sc="21" el="42" ec="91" bec="0" bev="0" fileid="16" />
                <SequencePoint vc="0" uspid="1327" ordinal="15" offset="165" sl="43" sc="17" el="43" ec="18" bec="0" bev="0" fileid="16" />
                <SequencePoint vc="0" uspid="1328" ordinal="16" offset="166" sl="33" sc="50" el="33" ec="58" bec="0" bev="0" fileid="16" />
                <SequencePoint vc="0" uspid="1329" ordinal="17" offset="172" sl="33" sc="38" el="33" ec="48" bec="2" bev="0" fileid="16" />
                <SequencePoint vc="0" uspid="1330" ordinal="18" offset="186" sl="44" sc="17" el="44" ec="39" bec="0" bev="0" fileid="16" />
                <SequencePoint vc="0" uspid="1331" ordinal="19" offset="195" sl="45" sc="13" el="45" ec="14" bec="0" bev="0" fileid="16" />
                <SequencePoint vc="0" uspid="1332" ordinal="20" offset="196" sl="29" sc="13" el="29" ec="36" bec="2" bev="0" fileid="16" />
                <SequencePoint vc="0" uspid="1333" ordinal="21" offset="214" sl="47" sc="13" el="47" ec="32" bec="0" bev="0" fileid="16" />
                <SequencePoint vc="0" uspid="1334" ordinal="22" offset="220" sl="49" sc="9" el="49" ec="10" bec="0" bev="0" fileid="16" />
              </SequencePoints>
              <BranchPoints>
                <BranchPoint vc="0" uspid="1335" ordinal="0" offset="127" sl="38" path="0" offsetend="129" fileid="16" />
                <BranchPoint vc="0" uspid="1336" ordinal="1" offset="127" sl="38" path="1" offsetend="131" fileid="16" />
                <BranchPoint vc="0" uspid="1337" ordinal="2" offset="181" sl="33" path="0" offsetend="186" fileid="16" />
                <BranchPoint vc="0" uspid="1338" ordinal="3" offset="181" sl="33" path="1" offsetend="39" fileid="16" />
                <BranchPoint vc="0" uspid="1339" ordinal="4" offset="209" sl="29" path="0" offsetend="214" fileid="16" />
                <BranchPoint vc="0" uspid="1340" ordinal="5" offset="209" sl="29" path="1" offsetend="20" fileid="16" />
              </BranchPoints>
              <MethodPoint xsi:type="SequencePoint" vc="0" uspid="1312" ordinal="0" offset="0" sl="22" sc="9" el="22" ec="10" bec="0" bev="0" fileid="16" />
            </Method>
            <Method visited="false" cyclomaticComplexity="2" nPathComplexity="2" sequenceCoverage="0" branchCoverage="0" crapScore="6" isConstructor="false" isStatic="false" isGetter="false" isSetter="false">
              <Summary numSequencePoints="3" visitedSequencePoints="0" numBranchPoints="3" visitedBranchPoints="0" sequenceCoverage="0" branchCoverage="0" maxCyclomaticComplexity="2" minCyclomaticComplexity="2" maxCrapScore="6" minCrapScore="6" visitedClasses="0" numClasses="0" visitedMethods="0" numMethods="1" />
              <MetadataToken>100663419</MetadataToken>
              <Name>System.Boolean PJS5_CSharp.Sources.Battle.Battle::BattleIsOver()</Name>
              <FileRef uid="16" />
              <SequencePoints>
                <SequencePoint vc="0" uspid="1341" ordinal="0" offset="0" sl="52" sc="9" el="52" ec="10" bec="0" bev="0" fileid="16" />
                <SequencePoint vc="0" uspid="1342" ordinal="1" offset="1" sl="53" sc="13" el="53" ec="79" bec="2" bev="0" fileid="16" />
                <SequencePoint vc="0" uspid="1343" ordinal="2" offset="35" sl="54" sc="9" el="54" ec="10" bec="0" bev="0" fileid="16" />
              </SequencePoints>
              <BranchPoints>
                <BranchPoint vc="0" uspid="1344" ordinal="0" offset="14" sl="53" path="0" offsetend="16" fileid="16" />
                <BranchPoint vc="0" uspid="1345" ordinal="1" offset="14" sl="53" path="1" offsetend="31" fileid="16" />
              </BranchPoints>
              <MethodPoint xsi:type="SequencePoint" vc="0" uspid="1341" ordinal="0" offset="0" sl="52" sc="9" el="52" ec="10" bec="0" bev="0" fileid="16" />
            </Method>
            <Method visited="false" cyclomaticComplexity="1" nPathComplexity="0" sequenceCoverage="0" branchCoverage="0" crapScore="2" isConstructor="false" isStatic="false" isGetter="false" isSetter="false">
              <Summary numSequencePoints="3" visitedSequencePoints="0" numBranchPoints="1" visitedBranchPoints="0" sequenceCoverage="0" branchCoverage="0" maxCyclomaticComplexity="1" minCyclomaticComplexity="1" maxCrapScore="2" minCrapScore="2" visitedClasses="0" numClasses="0" visitedMethods="0" numMethods="1" />
              <MetadataToken>100663420</MetadataToken>
              <Name>PILOT.IPILOT PJS5_CSharp.Sources.Battle.Battle::GetPlayerPilot()</Name>
              <FileRef uid="16" />
              <SequencePoints>
                <SequencePoint vc="0" uspid="1346" ordinal="0" offset="0" sl="57" sc="9" el="57" ec="10" bec="0" bev="0" fileid="16" />
                <SequencePoint vc="0" uspid="1347" ordinal="1" offset="1" sl="58" sc="13" el="58" ec="31" bec="0" bev="0" fileid="16" />
                <SequencePoint vc="0" uspid="1348" ordinal="2" offset="12" sl="59" sc="9" el="59" ec="10" bec="0" bev="0" fileid="16" />
              </SequencePoints>
              <BranchPoints />
              <MethodPoint xsi:type="SequencePoint" vc="0" uspid="1346" ordinal="0" offset="0" sl="57" sc="9" el="57" ec="10" bec="0" bev="0" fileid="16" />
            </Method>
            <Method visited="false" cyclomaticComplexity="1" nPathComplexity="0" sequenceCoverage="0" branchCoverage="0" crapScore="2" isConstructor="false" isStatic="false" isGetter="false" isSetter="false">
              <Summary numSequencePoints="3" visitedSequencePoints="0" numBranchPoints="1" visitedBranchPoints="0" sequenceCoverage="0" branchCoverage="0" maxCyclomaticComplexity="1" minCyclomaticComplexity="1" maxCrapScore="2" minCrapScore="2" visitedClasses="0" numClasses="0" visitedMethods="0" numMethods="1" />
              <MetadataToken>100663421</MetadataToken>
              <Name>PILOT.IPILOT PJS5_CSharp.Sources.Battle.Battle::GetBotPilot()</Name>
              <FileRef uid="16" />
              <SequencePoints>
                <SequencePoint vc="0" uspid="1349" ordinal="0" offset="0" sl="62" sc="9" el="62" ec="10" bec="0" bev="0" fileid="16" />
                <SequencePoint vc="0" uspid="1350" ordinal="1" offset="1" sl="63" sc="13" el="63" ec="31" bec="0" bev="0" fileid="16" />
                <SequencePoint vc="0" uspid="1351" ordinal="2" offset="12" sl="64" sc="9" el="64" ec="10" bec="0" bev="0" fileid="16" />
              </SequencePoints>
              <BranchPoints />
              <MethodPoint xsi:type="SequencePoint" vc="0" uspid="1349" ordinal="0" offset="0" sl="62" sc="9" el="62" ec="10" bec="0" bev="0" fileid="16" />
            </Method>
          </Methods>
        </Class>
        <Class>
          <Summary numSequencePoints="4" visitedSequencePoints="0" numBranchPoints="1" visitedBranchPoints="0" sequenceCoverage="0" branchCoverage="0" maxCyclomaticComplexity="1" minCyclomaticComplexity="1" maxCrapScore="2" minCrapScore="2" visitedClasses="0" numClasses="1" visitedMethods="0" numMethods="1" />
          <FullName>PJS5_CSharp.Sources.Battle.ReplayMode</FullName>
          <Methods>
            <Method visited="false" cyclomaticComplexity="1" nPathComplexity="0" sequenceCoverage="0" branchCoverage="0" crapScore="2" isConstructor="true" isStatic="false" isGetter="false" isSetter="false">
              <Summary numSequencePoints="4" visitedSequencePoints="0" numBranchPoints="1" visitedBranchPoints="0" sequenceCoverage="0" branchCoverage="0" maxCyclomaticComplexity="1" minCyclomaticComplexity="1" maxCrapScore="2" minCrapScore="2" visitedClasses="0" numClasses="0" visitedMethods="0" numMethods="1" />
              <MetadataToken>100663422</MetadataToken>
              <Name>System.Void PJS5_CSharp.Sources.Battle.ReplayMode::.ctor(PILOT.IPILOT,PILOT.IPILOT)</Name>
              <FileRef uid="17" />
              <SequencePoints>
                <SequencePoint vc="0" uspid="1352" ordinal="0" offset="0" sl="10" sc="9" el="10" ec="55" bec="0" bev="0" fileid="17" />
                <SequencePoint vc="0" uspid="1353" ordinal="1" offset="7" sl="11" sc="9" el="11" ec="10" bec="0" bev="0" fileid="17" />
                <SequencePoint vc="0" uspid="1354" ordinal="2" offset="8" sl="12" sc="13" el="12" ec="53" bec="0" bev="0" fileid="17" />
                <SequencePoint vc="0" uspid="1355" ordinal="3" offset="28" sl="13" sc="9" el="13" ec="10" bec="0" bev="0" fileid="17" />
              </SequencePoints>
              <BranchPoints />
              <MethodPoint xsi:type="SequencePoint" vc="0" uspid="1352" ordinal="0" offset="0" sl="10" sc="9" el="10" ec="55" bec="0" bev="0" fileid="17" />
            </Method>
          </Methods>
        </Class>
      </Classes>
    </Module>
  </Modules>
</CoverageSession>